#! /usr/bin/vvp
:ivl_version "10.1 (stable)";
:ivl_delay_selection "TYPICAL";
:vpi_time_precision - 12;
:vpi_module "system";
:vpi_module "vhdl_sys";
:vpi_module "v2005_math";
:vpi_module "va_math";
S_0x17a5d60 .scope module, "test" "test" 2 3;
 .timescale -9 -12;
v0x18101a0_0 .var "clk", 0 0;
v0x1810260_0 .net "mem_memctrl_read_data", 31 0, v0x180f780_0;  1 drivers
v0x1810330_0 .net "mem_memctrl_write_ready", 0 0, v0x180f860_0;  1 drivers
v0x1810430_0 .var "memctrl_mem_write_data", 31 0;
v0x1810500_0 .var "memctrl_mem_write_start", 0 0;
v0x18105f0_0 .var "reset", 0 0;
v0x18106c0_0 .var "uart_mem_addr", 31 0;
v0x1810790_0 .var "uart_mem_read", 0 0;
v0x1810860_0 .var "word_number1", 2 0;
S_0x17a5ee0 .scope module, "mem" "mem" 2 39, 3 6 0, S_0x17a5d60;
 .timescale -9 -12;
    .port_info 0 /INPUT 32 "uart_mem_addr"
    .port_info 1 /INPUT 3 "word_number1"
    .port_info 2 /INPUT 1 "memctrl_mem_write_start"
    .port_info 3 /INPUT 1 "clk"
    .port_info 4 /INPUT 1 "reset"
    .port_info 5 /INPUT 32 "memctrl_mem_write_data"
    .port_info 6 /INPUT 1 "uart_mem_read"
    .port_info 7 /OUTPUT 32 "mem_memctrl_read_data"
    .port_info 8 /OUTPUT 1 "mem_memctrl_write_ready"
v0x16fddb0_0 .var "a1", 0 0;
v0x180db50_0 .var "addr", 31 0;
v0x180dc30_0 .net "clk", 0 0, v0x18101a0_0;  1 drivers
v0x180dd00 .array "mem0", 0 24, 7 0;
v0x180ddc0 .array "mem1", 0 24, 7 0;
v0x180ded0 .array "mem10", 0 24, 7 0;
v0x180df90 .array "mem11", 0 24, 7 0;
v0x180e050 .array "mem12", 0 24, 7 0;
v0x180e110 .array "mem13", 0 24, 7 0;
v0x180e260 .array "mem14", 0 24, 7 0;
v0x180e320 .array "mem15", 0 24, 7 0;
v0x180e3e0 .array "mem16", 0 24, 7 0;
v0x180e4a0 .array "mem17", 0 24, 7 0;
v0x180e560 .array "mem18", 0 24, 7 0;
v0x180e620 .array "mem19", 0 24, 7 0;
v0x180e6e0 .array "mem2", 0 24, 7 0;
v0x180e7a0 .array "mem20", 0 24, 7 0;
v0x180e950 .array "mem21", 0 24, 7 0;
v0x180e9f0 .array "mem22", 0 24, 7 0;
v0x180ea90 .array "mem23", 0 24, 7 0;
v0x180eb30 .array "mem24", 0 24, 7 0;
v0x180ebf0 .array "mem25", 0 24, 7 0;
v0x180ecb0 .array "mem26", 0 24, 7 0;
v0x180ed70 .array "mem27", 0 24, 7 0;
v0x180ee30 .array "mem28", 0 24, 7 0;
v0x180eef0 .array "mem29", 0 24, 7 0;
v0x180efb0 .array "mem3", 0 24, 7 0;
v0x180f070 .array "mem30", 0 24, 7 0;
v0x180f130 .array "mem31", 0 24, 7 0;
v0x180f1f0 .array "mem4", 0 24, 7 0;
v0x180f2b0 .array "mem5", 0 24, 7 0;
v0x180f370 .array "mem6", 0 24, 7 0;
v0x180f430 .array "mem7", 0 24, 7 0;
v0x180e860 .array "mem8", 0 24, 7 0;
v0x180f6e0 .array "mem9", 0 24, 7 0;
v0x180f780_0 .var "mem_memctrl_read_data", 31 0;
v0x180f860_0 .var "mem_memctrl_write_ready", 0 0;
v0x180f920_0 .net "memctrl_mem_write_data", 31 0, v0x1810430_0;  1 drivers
v0x180fa00_0 .net "memctrl_mem_write_start", 0 0, v0x1810500_0;  1 drivers
v0x180fac0_0 .net "reset", 0 0, v0x18105f0_0;  1 drivers
v0x180fb80_0 .var "resetn", 0 0;
v0x180fc40_0 .var "state", 1 0;
v0x180fd20_0 .net "uart_mem_addr", 31 0, v0x18106c0_0;  1 drivers
v0x180fe00_0 .net "uart_mem_read", 0 0, v0x1810790_0;  1 drivers
v0x180fec0_0 .var "word_count", 2 0;
v0x180ffa0_0 .net "word_number1", 2 0, v0x1810860_0;  1 drivers
E_0x17a7220/0 .event negedge, v0x180fb80_0;
E_0x17a7220/1 .event posedge, v0x180dc30_0;
E_0x17a7220 .event/or E_0x17a7220/0, E_0x17a7220/1;
E_0x17a6c40/0 .event negedge, v0x180fac0_0;
E_0x17a6c40/1 .event posedge, v0x180dc30_0;
E_0x17a6c40 .event/or E_0x17a6c40/0, E_0x17a6c40/1;
    .scope S_0x17a5ee0;
T_0 ;
    %wait E_0x17a6c40;
    %load/vec4 v0x180fac0_0;
    %cmpi/e 0, 0, 1;
    %jmp/0xz  T_0.0, 4;
    %pushi/vec4 0, 0, 1;
    %assign/vec4 v0x16fddb0_0, 0;
    %pushi/vec4 0, 0, 1;
    %assign/vec4 v0x180fb80_0, 0;
    %jmp T_0.1;
T_0.0 ;
    %pushi/vec4 1, 0, 1;
    %assign/vec4 v0x16fddb0_0, 0;
    %load/vec4 v0x16fddb0_0;
    %assign/vec4 v0x180fb80_0, 0;
T_0.1 ;
    %jmp T_0;
    .thread T_0;
    .scope S_0x17a5ee0;
T_1 ;
    %wait E_0x17a7220;
    %load/vec4 v0x180fb80_0;
    %cmpi/e 0, 0, 1;
    %jmp/0xz  T_1.0, 4;
    %pushi/vec4 0, 0, 2;
    %assign/vec4 v0x180fc40_0, 0;
    %jmp T_1.1;
T_1.0 ;
    %load/vec4 v0x180fc40_0;
    %dup/vec4;
    %pushi/vec4 0, 0, 2;
    %cmp/u;
    %jmp/1 T_1.2, 6;
    %dup/vec4;
    %pushi/vec4 1, 0, 2;
    %cmp/u;
    %jmp/1 T_1.3, 6;
    %dup/vec4;
    %pushi/vec4 2, 0, 2;
    %cmp/u;
    %jmp/1 T_1.4, 6;
    %jmp T_1.5;
T_1.2 ;
    %load/vec4 v0x180fd20_0;
    %assign/vec4 v0x180db50_0, 0;
    %pushi/vec4 0, 0, 3;
    %assign/vec4 v0x180fec0_0, 0;
    %pushi/vec4 0, 0, 1;
    %assign/vec4 v0x180f860_0, 0;
    %load/vec4 v0x180fa00_0;
    %cmpi/e 1, 0, 1;
    %jmp/0xz  T_1.6, 4;
    %pushi/vec4 1, 0, 2;
    %assign/vec4 v0x180fc40_0, 0;
    %jmp T_1.7;
T_1.6 ;
    %load/vec4 v0x180fe00_0;
    %cmpi/e 1, 0, 1;
    %jmp/0xz  T_1.8, 4;
    %pushi/vec4 2, 0, 2;
    %assign/vec4 v0x180fc40_0, 0;
    %pushi/vec4 1, 0, 1;
    %assign/vec4 v0x180f860_0, 0;
T_1.8 ;
T_1.7 ;
    %jmp T_1.5;
T_1.3 ;
    %load/vec4 v0x180ffa0_0;
    %load/vec4 v0x180fec0_0;
    %cmp/u;
    %flag_or 5, 4;
    %jmp/0xz  T_1.10, 5;
    %pushi/vec4 0, 0, 2;
    %assign/vec4 v0x180fc40_0, 0;
    %jmp T_1.11;
T_1.10 ;
    %load/vec4 v0x180db50_0;
    %parti/s 5, 27, 6;
    %dup/vec4;
    %pushi/vec4 0, 0, 5;
    %cmp/u;
    %jmp/1 T_1.12, 6;
    %dup/vec4;
    %pushi/vec4 1, 0, 5;
    %cmp/u;
    %jmp/1 T_1.13, 6;
    %dup/vec4;
    %pushi/vec4 2, 0, 5;
    %cmp/u;
    %jmp/1 T_1.14, 6;
    %dup/vec4;
    %pushi/vec4 3, 0, 5;
    %cmp/u;
    %jmp/1 T_1.15, 6;
    %dup/vec4;
    %pushi/vec4 4, 0, 5;
    %cmp/u;
    %jmp/1 T_1.16, 6;
    %dup/vec4;
    %pushi/vec4 5, 0, 5;
    %cmp/u;
    %jmp/1 T_1.17, 6;
    %dup/vec4;
    %pushi/vec4 6, 0, 5;
    %cmp/u;
    %jmp/1 T_1.18, 6;
    %dup/vec4;
    %pushi/vec4 7, 0, 5;
    %cmp/u;
    %jmp/1 T_1.19, 6;
    %dup/vec4;
    %pushi/vec4 8, 0, 5;
    %cmp/u;
    %jmp/1 T_1.20, 6;
    %dup/vec4;
    %pushi/vec4 9, 0, 5;
    %cmp/u;
    %jmp/1 T_1.21, 6;
    %dup/vec4;
    %pushi/vec4 10, 0, 5;
    %cmp/u;
    %jmp/1 T_1.22, 6;
    %dup/vec4;
    %pushi/vec4 11, 0, 5;
    %cmp/u;
    %jmp/1 T_1.23, 6;
    %dup/vec4;
    %pushi/vec4 12, 0, 5;
    %cmp/u;
    %jmp/1 T_1.24, 6;
    %dup/vec4;
    %pushi/vec4 13, 0, 5;
    %cmp/u;
    %jmp/1 T_1.25, 6;
    %dup/vec4;
    %pushi/vec4 14, 0, 5;
    %cmp/u;
    %jmp/1 T_1.26, 6;
    %dup/vec4;
    %pushi/vec4 15, 0, 5;
    %cmp/u;
    %jmp/1 T_1.27, 6;
    %dup/vec4;
    %pushi/vec4 16, 0, 5;
    %cmp/u;
    %jmp/1 T_1.28, 6;
    %dup/vec4;
    %pushi/vec4 17, 0, 5;
    %cmp/u;
    %jmp/1 T_1.29, 6;
    %dup/vec4;
    %pushi/vec4 18, 0, 5;
    %cmp/u;
    %jmp/1 T_1.30, 6;
    %dup/vec4;
    %pushi/vec4 19, 0, 5;
    %cmp/u;
    %jmp/1 T_1.31, 6;
    %dup/vec4;
    %pushi/vec4 20, 0, 5;
    %cmp/u;
    %jmp/1 T_1.32, 6;
    %dup/vec4;
    %pushi/vec4 21, 0, 5;
    %cmp/u;
    %jmp/1 T_1.33, 6;
    %dup/vec4;
    %pushi/vec4 22, 0, 5;
    %cmp/u;
    %jmp/1 T_1.34, 6;
    %dup/vec4;
    %pushi/vec4 23, 0, 5;
    %cmp/u;
    %jmp/1 T_1.35, 6;
    %dup/vec4;
    %pushi/vec4 24, 0, 5;
    %cmp/u;
    %jmp/1 T_1.36, 6;
    %dup/vec4;
    %pushi/vec4 25, 0, 5;
    %cmp/u;
    %jmp/1 T_1.37, 6;
    %dup/vec4;
    %pushi/vec4 26, 0, 5;
    %cmp/u;
    %jmp/1 T_1.38, 6;
    %dup/vec4;
    %pushi/vec4 27, 0, 5;
    %cmp/u;
    %jmp/1 T_1.39, 6;
    %dup/vec4;
    %pushi/vec4 28, 0, 5;
    %cmp/u;
    %jmp/1 T_1.40, 6;
    %dup/vec4;
    %pushi/vec4 29, 0, 5;
    %cmp/u;
    %jmp/1 T_1.41, 6;
    %dup/vec4;
    %pushi/vec4 30, 0, 5;
    %cmp/u;
    %jmp/1 T_1.42, 6;
    %dup/vec4;
    %pushi/vec4 31, 0, 5;
    %cmp/u;
    %jmp/1 T_1.43, 6;
    %jmp T_1.44;
T_1.12 ;
    %load/vec4 v0x180f920_0;
    %split/vec4 8;
    %load/vec4 v0x180db50_0;
    %parti/s 27, 0, 2;
    %ix/vec4 3;
    %ix/load 4, 0, 0; Constant delay
    %assign/vec4/a/d v0x180dd00, 0, 4;
    %split/vec4 8;
    %load/vec4 v0x180db50_0;
    %parti/s 27, 0, 2;
    %pad/u 28;
    %addi 1, 0, 28;
    %ix/vec4 3;
    %ix/load 4, 0, 0; Constant delay
    %assign/vec4/a/d v0x180dd00, 0, 4;
    %split/vec4 8;
    %load/vec4 v0x180db50_0;
    %parti/s 27, 0, 2;
    %pad/u 28;
    %addi 2, 0, 28;
    %ix/vec4 3;
    %ix/load 4, 0, 0; Constant delay
    %assign/vec4/a/d v0x180dd00, 0, 4;
    %load/vec4 v0x180db50_0;
    %parti/s 27, 0, 2;
    %pad/u 28;
    %addi 3, 0, 28;
    %ix/vec4 3;
    %ix/load 4, 0, 0; Constant delay
    %assign/vec4/a/d v0x180dd00, 0, 4;
    %load/vec4 v0x180db50_0;
    %addi 4, 0, 32;
    %assign/vec4 v0x180db50_0, 0;
    %load/vec4 v0x180fec0_0;
    %addi 1, 0, 3;
    %assign/vec4 v0x180fec0_0, 0;
    %jmp T_1.44;
T_1.13 ;
    %load/vec4 v0x180f920_0;
    %split/vec4 8;
    %load/vec4 v0x180db50_0;
    %parti/s 27, 0, 2;
    %ix/vec4 3;
    %ix/load 4, 0, 0; Constant delay
    %assign/vec4/a/d v0x180ddc0, 0, 4;
    %split/vec4 8;
    %load/vec4 v0x180db50_0;
    %parti/s 27, 0, 2;
    %pad/u 28;
    %addi 1, 0, 28;
    %ix/vec4 3;
    %ix/load 4, 0, 0; Constant delay
    %assign/vec4/a/d v0x180ddc0, 0, 4;
    %split/vec4 8;
    %load/vec4 v0x180db50_0;
    %parti/s 27, 0, 2;
    %pad/u 28;
    %addi 2, 0, 28;
    %ix/vec4 3;
    %ix/load 4, 0, 0; Constant delay
    %assign/vec4/a/d v0x180ddc0, 0, 4;
    %load/vec4 v0x180db50_0;
    %parti/s 27, 0, 2;
    %pad/u 28;
    %addi 3, 0, 28;
    %ix/vec4 3;
    %ix/load 4, 0, 0; Constant delay
    %assign/vec4/a/d v0x180ddc0, 0, 4;
    %load/vec4 v0x180db50_0;
    %addi 4, 0, 32;
    %assign/vec4 v0x180db50_0, 0;
    %load/vec4 v0x180fec0_0;
    %addi 1, 0, 3;
    %assign/vec4 v0x180fec0_0, 0;
    %jmp T_1.44;
T_1.14 ;
    %load/vec4 v0x180f920_0;
    %split/vec4 8;
    %load/vec4 v0x180db50_0;
    %parti/s 27, 0, 2;
    %ix/vec4 3;
    %ix/load 4, 0, 0; Constant delay
    %assign/vec4/a/d v0x180e6e0, 0, 4;
    %split/vec4 8;
    %load/vec4 v0x180db50_0;
    %parti/s 27, 0, 2;
    %pad/u 28;
    %addi 1, 0, 28;
    %ix/vec4 3;
    %ix/load 4, 0, 0; Constant delay
    %assign/vec4/a/d v0x180e6e0, 0, 4;
    %split/vec4 8;
    %load/vec4 v0x180db50_0;
    %parti/s 27, 0, 2;
    %pad/u 28;
    %addi 2, 0, 28;
    %ix/vec4 3;
    %ix/load 4, 0, 0; Constant delay
    %assign/vec4/a/d v0x180e6e0, 0, 4;
    %load/vec4 v0x180db50_0;
    %parti/s 27, 0, 2;
    %pad/u 28;
    %addi 3, 0, 28;
    %ix/vec4 3;
    %ix/load 4, 0, 0; Constant delay
    %assign/vec4/a/d v0x180e6e0, 0, 4;
    %load/vec4 v0x180db50_0;
    %addi 4, 0, 32;
    %assign/vec4 v0x180db50_0, 0;
    %load/vec4 v0x180fec0_0;
    %addi 1, 0, 3;
    %assign/vec4 v0x180fec0_0, 0;
    %jmp T_1.44;
T_1.15 ;
    %load/vec4 v0x180f920_0;
    %split/vec4 8;
    %load/vec4 v0x180db50_0;
    %parti/s 27, 0, 2;
    %ix/vec4 3;
    %ix/load 4, 0, 0; Constant delay
    %assign/vec4/a/d v0x180efb0, 0, 4;
    %split/vec4 8;
    %load/vec4 v0x180db50_0;
    %parti/s 27, 0, 2;
    %pad/u 28;
    %addi 1, 0, 28;
    %ix/vec4 3;
    %ix/load 4, 0, 0; Constant delay
    %assign/vec4/a/d v0x180efb0, 0, 4;
    %split/vec4 8;
    %load/vec4 v0x180db50_0;
    %parti/s 27, 0, 2;
    %pad/u 28;
    %addi 2, 0, 28;
    %ix/vec4 3;
    %ix/load 4, 0, 0; Constant delay
    %assign/vec4/a/d v0x180efb0, 0, 4;
    %load/vec4 v0x180db50_0;
    %parti/s 27, 0, 2;
    %pad/u 28;
    %addi 3, 0, 28;
    %ix/vec4 3;
    %ix/load 4, 0, 0; Constant delay
    %assign/vec4/a/d v0x180efb0, 0, 4;
    %load/vec4 v0x180db50_0;
    %addi 4, 0, 32;
    %assign/vec4 v0x180db50_0, 0;
    %load/vec4 v0x180fec0_0;
    %addi 1, 0, 3;
    %assign/vec4 v0x180fec0_0, 0;
    %jmp T_1.44;
T_1.16 ;
    %load/vec4 v0x180f920_0;
    %split/vec4 8;
    %load/vec4 v0x180db50_0;
    %parti/s 27, 0, 2;
    %ix/vec4 3;
    %ix/load 4, 0, 0; Constant delay
    %assign/vec4/a/d v0x180f1f0, 0, 4;
    %split/vec4 8;
    %load/vec4 v0x180db50_0;
    %parti/s 27, 0, 2;
    %pad/u 28;
    %addi 1, 0, 28;
    %ix/vec4 3;
    %ix/load 4, 0, 0; Constant delay
    %assign/vec4/a/d v0x180f1f0, 0, 4;
    %split/vec4 8;
    %load/vec4 v0x180db50_0;
    %parti/s 27, 0, 2;
    %pad/u 28;
    %addi 2, 0, 28;
    %ix/vec4 3;
    %ix/load 4, 0, 0; Constant delay
    %assign/vec4/a/d v0x180f1f0, 0, 4;
    %load/vec4 v0x180db50_0;
    %parti/s 27, 0, 2;
    %pad/u 28;
    %addi 3, 0, 28;
    %ix/vec4 3;
    %ix/load 4, 0, 0; Constant delay
    %assign/vec4/a/d v0x180f1f0, 0, 4;
    %load/vec4 v0x180db50_0;
    %addi 4, 0, 32;
    %assign/vec4 v0x180db50_0, 0;
    %load/vec4 v0x180fec0_0;
    %addi 1, 0, 3;
    %assign/vec4 v0x180fec0_0, 0;
    %jmp T_1.44;
T_1.17 ;
    %load/vec4 v0x180f920_0;
    %split/vec4 8;
    %load/vec4 v0x180db50_0;
    %parti/s 27, 0, 2;
    %ix/vec4 3;
    %ix/load 4, 0, 0; Constant delay
    %assign/vec4/a/d v0x180f2b0, 0, 4;
    %split/vec4 8;
    %load/vec4 v0x180db50_0;
    %parti/s 27, 0, 2;
    %pad/u 28;
    %addi 1, 0, 28;
    %ix/vec4 3;
    %ix/load 4, 0, 0; Constant delay
    %assign/vec4/a/d v0x180f2b0, 0, 4;
    %split/vec4 8;
    %load/vec4 v0x180db50_0;
    %parti/s 27, 0, 2;
    %pad/u 28;
    %addi 2, 0, 28;
    %ix/vec4 3;
    %ix/load 4, 0, 0; Constant delay
    %assign/vec4/a/d v0x180f2b0, 0, 4;
    %load/vec4 v0x180db50_0;
    %parti/s 27, 0, 2;
    %pad/u 28;
    %addi 3, 0, 28;
    %ix/vec4 3;
    %ix/load 4, 0, 0; Constant delay
    %assign/vec4/a/d v0x180f2b0, 0, 4;
    %load/vec4 v0x180db50_0;
    %addi 4, 0, 32;
    %assign/vec4 v0x180db50_0, 0;
    %load/vec4 v0x180fec0_0;
    %addi 1, 0, 3;
    %assign/vec4 v0x180fec0_0, 0;
    %jmp T_1.44;
T_1.18 ;
    %load/vec4 v0x180f920_0;
    %split/vec4 8;
    %load/vec4 v0x180db50_0;
    %parti/s 27, 0, 2;
    %ix/vec4 3;
    %ix/load 4, 0, 0; Constant delay
    %assign/vec4/a/d v0x180f370, 0, 4;
    %split/vec4 8;
    %load/vec4 v0x180db50_0;
    %parti/s 27, 0, 2;
    %pad/u 28;
    %addi 1, 0, 28;
    %ix/vec4 3;
    %ix/load 4, 0, 0; Constant delay
    %assign/vec4/a/d v0x180f370, 0, 4;
    %split/vec4 8;
    %load/vec4 v0x180db50_0;
    %parti/s 27, 0, 2;
    %pad/u 28;
    %addi 2, 0, 28;
    %ix/vec4 3;
    %ix/load 4, 0, 0; Constant delay
    %assign/vec4/a/d v0x180f370, 0, 4;
    %load/vec4 v0x180db50_0;
    %parti/s 27, 0, 2;
    %pad/u 28;
    %addi 3, 0, 28;
    %ix/vec4 3;
    %ix/load 4, 0, 0; Constant delay
    %assign/vec4/a/d v0x180f370, 0, 4;
    %load/vec4 v0x180db50_0;
    %addi 4, 0, 32;
    %assign/vec4 v0x180db50_0, 0;
    %load/vec4 v0x180fec0_0;
    %addi 1, 0, 3;
    %assign/vec4 v0x180fec0_0, 0;
    %jmp T_1.44;
T_1.19 ;
    %load/vec4 v0x180f920_0;
    %split/vec4 8;
    %load/vec4 v0x180db50_0;
    %parti/s 27, 0, 2;
    %ix/vec4 3;
    %ix/load 4, 0, 0; Constant delay
    %assign/vec4/a/d v0x180f430, 0, 4;
    %split/vec4 8;
    %load/vec4 v0x180db50_0;
    %parti/s 27, 0, 2;
    %pad/u 28;
    %addi 1, 0, 28;
    %ix/vec4 3;
    %ix/load 4, 0, 0; Constant delay
    %assign/vec4/a/d v0x180f430, 0, 4;
    %split/vec4 8;
    %load/vec4 v0x180db50_0;
    %parti/s 27, 0, 2;
    %pad/u 28;
    %addi 2, 0, 28;
    %ix/vec4 3;
    %ix/load 4, 0, 0; Constant delay
    %assign/vec4/a/d v0x180f430, 0, 4;
    %load/vec4 v0x180db50_0;
    %parti/s 27, 0, 2;
    %pad/u 28;
    %addi 3, 0, 28;
    %ix/vec4 3;
    %ix/load 4, 0, 0; Constant delay
    %assign/vec4/a/d v0x180f430, 0, 4;
    %load/vec4 v0x180db50_0;
    %addi 4, 0, 32;
    %assign/vec4 v0x180db50_0, 0;
    %load/vec4 v0x180fec0_0;
    %addi 1, 0, 3;
    %assign/vec4 v0x180fec0_0, 0;
    %jmp T_1.44;
T_1.20 ;
    %load/vec4 v0x180f920_0;
    %split/vec4 8;
    %load/vec4 v0x180db50_0;
    %parti/s 27, 0, 2;
    %ix/vec4 3;
    %ix/load 4, 0, 0; Constant delay
    %assign/vec4/a/d v0x180e860, 0, 4;
    %split/vec4 8;
    %load/vec4 v0x180db50_0;
    %parti/s 27, 0, 2;
    %pad/u 28;
    %addi 1, 0, 28;
    %ix/vec4 3;
    %ix/load 4, 0, 0; Constant delay
    %assign/vec4/a/d v0x180e860, 0, 4;
    %split/vec4 8;
    %load/vec4 v0x180db50_0;
    %parti/s 27, 0, 2;
    %pad/u 28;
    %addi 2, 0, 28;
    %ix/vec4 3;
    %ix/load 4, 0, 0; Constant delay
    %assign/vec4/a/d v0x180e860, 0, 4;
    %load/vec4 v0x180db50_0;
    %parti/s 27, 0, 2;
    %pad/u 28;
    %addi 3, 0, 28;
    %ix/vec4 3;
    %ix/load 4, 0, 0; Constant delay
    %assign/vec4/a/d v0x180e860, 0, 4;
    %load/vec4 v0x180db50_0;
    %addi 4, 0, 32;
    %assign/vec4 v0x180db50_0, 0;
    %load/vec4 v0x180fec0_0;
    %addi 1, 0, 3;
    %assign/vec4 v0x180fec0_0, 0;
    %jmp T_1.44;
T_1.21 ;
    %load/vec4 v0x180f920_0;
    %split/vec4 8;
    %load/vec4 v0x180db50_0;
    %parti/s 27, 0, 2;
    %ix/vec4 3;
    %ix/load 4, 0, 0; Constant delay
    %assign/vec4/a/d v0x180f6e0, 0, 4;
    %split/vec4 8;
    %load/vec4 v0x180db50_0;
    %parti/s 27, 0, 2;
    %pad/u 28;
    %addi 1, 0, 28;
    %ix/vec4 3;
    %ix/load 4, 0, 0; Constant delay
    %assign/vec4/a/d v0x180f6e0, 0, 4;
    %split/vec4 8;
    %load/vec4 v0x180db50_0;
    %parti/s 27, 0, 2;
    %pad/u 28;
    %addi 2, 0, 28;
    %ix/vec4 3;
    %ix/load 4, 0, 0; Constant delay
    %assign/vec4/a/d v0x180f6e0, 0, 4;
    %load/vec4 v0x180db50_0;
    %parti/s 27, 0, 2;
    %pad/u 28;
    %addi 3, 0, 28;
    %ix/vec4 3;
    %ix/load 4, 0, 0; Constant delay
    %assign/vec4/a/d v0x180f6e0, 0, 4;
    %load/vec4 v0x180db50_0;
    %addi 4, 0, 32;
    %assign/vec4 v0x180db50_0, 0;
    %load/vec4 v0x180fec0_0;
    %addi 1, 0, 3;
    %assign/vec4 v0x180fec0_0, 0;
    %jmp T_1.44;
T_1.22 ;
    %load/vec4 v0x180f920_0;
    %split/vec4 8;
    %load/vec4 v0x180db50_0;
    %parti/s 27, 0, 2;
    %ix/vec4 3;
    %ix/load 4, 0, 0; Constant delay
    %assign/vec4/a/d v0x180ded0, 0, 4;
    %split/vec4 8;
    %load/vec4 v0x180db50_0;
    %parti/s 27, 0, 2;
    %pad/u 28;
    %addi 1, 0, 28;
    %ix/vec4 3;
    %ix/load 4, 0, 0; Constant delay
    %assign/vec4/a/d v0x180ded0, 0, 4;
    %split/vec4 8;
    %load/vec4 v0x180db50_0;
    %parti/s 27, 0, 2;
    %pad/u 28;
    %addi 2, 0, 28;
    %ix/vec4 3;
    %ix/load 4, 0, 0; Constant delay
    %assign/vec4/a/d v0x180ded0, 0, 4;
    %load/vec4 v0x180db50_0;
    %parti/s 27, 0, 2;
    %pad/u 28;
    %addi 3, 0, 28;
    %ix/vec4 3;
    %ix/load 4, 0, 0; Constant delay
    %assign/vec4/a/d v0x180ded0, 0, 4;
    %load/vec4 v0x180db50_0;
    %addi 4, 0, 32;
    %assign/vec4 v0x180db50_0, 0;
    %load/vec4 v0x180fec0_0;
    %addi 1, 0, 3;
    %assign/vec4 v0x180fec0_0, 0;
    %jmp T_1.44;
T_1.23 ;
    %load/vec4 v0x180f920_0;
    %split/vec4 8;
    %load/vec4 v0x180db50_0;
    %parti/s 27, 0, 2;
    %ix/vec4 3;
    %ix/load 4, 0, 0; Constant delay
    %assign/vec4/a/d v0x180df90, 0, 4;
    %split/vec4 8;
    %load/vec4 v0x180db50_0;
    %parti/s 27, 0, 2;
    %pad/u 28;
    %addi 1, 0, 28;
    %ix/vec4 3;
    %ix/load 4, 0, 0; Constant delay
    %assign/vec4/a/d v0x180df90, 0, 4;
    %split/vec4 8;
    %load/vec4 v0x180db50_0;
    %parti/s 27, 0, 2;
    %pad/u 28;
    %addi 2, 0, 28;
    %ix/vec4 3;
    %ix/load 4, 0, 0; Constant delay
    %assign/vec4/a/d v0x180df90, 0, 4;
    %load/vec4 v0x180db50_0;
    %parti/s 27, 0, 2;
    %pad/u 28;
    %addi 3, 0, 28;
    %ix/vec4 3;
    %ix/load 4, 0, 0; Constant delay
    %assign/vec4/a/d v0x180df90, 0, 4;
    %load/vec4 v0x180db50_0;
    %addi 4, 0, 32;
    %assign/vec4 v0x180db50_0, 0;
    %load/vec4 v0x180fec0_0;
    %addi 1, 0, 3;
    %assign/vec4 v0x180fec0_0, 0;
    %jmp T_1.44;
T_1.24 ;
    %load/vec4 v0x180f920_0;
    %split/vec4 8;
    %load/vec4 v0x180db50_0;
    %parti/s 27, 0, 2;
    %ix/vec4 3;
    %ix/load 4, 0, 0; Constant delay
    %assign/vec4/a/d v0x180e050, 0, 4;
    %split/vec4 8;
    %load/vec4 v0x180db50_0;
    %parti/s 27, 0, 2;
    %pad/u 28;
    %addi 1, 0, 28;
    %ix/vec4 3;
    %ix/load 4, 0, 0; Constant delay
    %assign/vec4/a/d v0x180e050, 0, 4;
    %split/vec4 8;
    %load/vec4 v0x180db50_0;
    %parti/s 27, 0, 2;
    %pad/u 28;
    %addi 2, 0, 28;
    %ix/vec4 3;
    %ix/load 4, 0, 0; Constant delay
    %assign/vec4/a/d v0x180e050, 0, 4;
    %load/vec4 v0x180db50_0;
    %parti/s 27, 0, 2;
    %pad/u 28;
    %addi 3, 0, 28;
    %ix/vec4 3;
    %ix/load 4, 0, 0; Constant delay
    %assign/vec4/a/d v0x180e050, 0, 4;
    %load/vec4 v0x180db50_0;
    %addi 4, 0, 32;
    %assign/vec4 v0x180db50_0, 0;
    %load/vec4 v0x180fec0_0;
    %addi 1, 0, 3;
    %assign/vec4 v0x180fec0_0, 0;
    %jmp T_1.44;
T_1.25 ;
    %load/vec4 v0x180f920_0;
    %split/vec4 8;
    %load/vec4 v0x180db50_0;
    %parti/s 27, 0, 2;
    %ix/vec4 3;
    %ix/load 4, 0, 0; Constant delay
    %assign/vec4/a/d v0x180e110, 0, 4;
    %split/vec4 8;
    %load/vec4 v0x180db50_0;
    %parti/s 27, 0, 2;
    %pad/u 28;
    %addi 1, 0, 28;
    %ix/vec4 3;
    %ix/load 4, 0, 0; Constant delay
    %assign/vec4/a/d v0x180e110, 0, 4;
    %split/vec4 8;
    %load/vec4 v0x180db50_0;
    %parti/s 27, 0, 2;
    %pad/u 28;
    %addi 2, 0, 28;
    %ix/vec4 3;
    %ix/load 4, 0, 0; Constant delay
    %assign/vec4/a/d v0x180e110, 0, 4;
    %load/vec4 v0x180db50_0;
    %parti/s 27, 0, 2;
    %pad/u 28;
    %addi 3, 0, 28;
    %ix/vec4 3;
    %ix/load 4, 0, 0; Constant delay
    %assign/vec4/a/d v0x180e110, 0, 4;
    %load/vec4 v0x180db50_0;
    %addi 4, 0, 32;
    %assign/vec4 v0x180db50_0, 0;
    %load/vec4 v0x180fec0_0;
    %addi 1, 0, 3;
    %assign/vec4 v0x180fec0_0, 0;
    %jmp T_1.44;
T_1.26 ;
    %load/vec4 v0x180f920_0;
    %split/vec4 8;
    %load/vec4 v0x180db50_0;
    %parti/s 27, 0, 2;
    %ix/vec4 3;
    %ix/load 4, 0, 0; Constant delay
    %assign/vec4/a/d v0x180e260, 0, 4;
    %split/vec4 8;
    %load/vec4 v0x180db50_0;
    %parti/s 27, 0, 2;
    %pad/u 28;
    %addi 1, 0, 28;
    %ix/vec4 3;
    %ix/load 4, 0, 0; Constant delay
    %assign/vec4/a/d v0x180e260, 0, 4;
    %split/vec4 8;
    %load/vec4 v0x180db50_0;
    %parti/s 27, 0, 2;
    %pad/u 28;
    %addi 2, 0, 28;
    %ix/vec4 3;
    %ix/load 4, 0, 0; Constant delay
    %assign/vec4/a/d v0x180e260, 0, 4;
    %load/vec4 v0x180db50_0;
    %parti/s 27, 0, 2;
    %pad/u 28;
    %addi 3, 0, 28;
    %ix/vec4 3;
    %ix/load 4, 0, 0; Constant delay
    %assign/vec4/a/d v0x180e260, 0, 4;
    %load/vec4 v0x180db50_0;
    %addi 4, 0, 32;
    %assign/vec4 v0x180db50_0, 0;
    %load/vec4 v0x180fec0_0;
    %addi 1, 0, 3;
    %assign/vec4 v0x180fec0_0, 0;
    %jmp T_1.44;
T_1.27 ;
    %load/vec4 v0x180f920_0;
    %split/vec4 8;
    %load/vec4 v0x180db50_0;
    %parti/s 27, 0, 2;
    %ix/vec4 3;
    %ix/load 4, 0, 0; Constant delay
    %assign/vec4/a/d v0x180e320, 0, 4;
    %split/vec4 8;
    %load/vec4 v0x180db50_0;
    %parti/s 27, 0, 2;
    %pad/u 28;
    %addi 1, 0, 28;
    %ix/vec4 3;
    %ix/load 4, 0, 0; Constant delay
    %assign/vec4/a/d v0x180e320, 0, 4;
    %split/vec4 8;
    %load/vec4 v0x180db50_0;
    %parti/s 27, 0, 2;
    %pad/u 28;
    %addi 2, 0, 28;
    %ix/vec4 3;
    %ix/load 4, 0, 0; Constant delay
    %assign/vec4/a/d v0x180e320, 0, 4;
    %load/vec4 v0x180db50_0;
    %parti/s 27, 0, 2;
    %pad/u 28;
    %addi 3, 0, 28;
    %ix/vec4 3;
    %ix/load 4, 0, 0; Constant delay
    %assign/vec4/a/d v0x180e320, 0, 4;
    %load/vec4 v0x180db50_0;
    %addi 4, 0, 32;
    %assign/vec4 v0x180db50_0, 0;
    %load/vec4 v0x180fec0_0;
    %addi 1, 0, 3;
    %assign/vec4 v0x180fec0_0, 0;
    %jmp T_1.44;
T_1.28 ;
    %load/vec4 v0x180f920_0;
    %split/vec4 8;
    %load/vec4 v0x180db50_0;
    %parti/s 27, 0, 2;
    %ix/vec4 3;
    %ix/load 4, 0, 0; Constant delay
    %assign/vec4/a/d v0x180e3e0, 0, 4;
    %split/vec4 8;
    %load/vec4 v0x180db50_0;
    %parti/s 27, 0, 2;
    %pad/u 28;
    %addi 1, 0, 28;
    %ix/vec4 3;
    %ix/load 4, 0, 0; Constant delay
    %assign/vec4/a/d v0x180e3e0, 0, 4;
    %split/vec4 8;
    %load/vec4 v0x180db50_0;
    %parti/s 27, 0, 2;
    %pad/u 28;
    %addi 2, 0, 28;
    %ix/vec4 3;
    %ix/load 4, 0, 0; Constant delay
    %assign/vec4/a/d v0x180e3e0, 0, 4;
    %load/vec4 v0x180db50_0;
    %parti/s 27, 0, 2;
    %pad/u 28;
    %addi 3, 0, 28;
    %ix/vec4 3;
    %ix/load 4, 0, 0; Constant delay
    %assign/vec4/a/d v0x180e3e0, 0, 4;
    %load/vec4 v0x180db50_0;
    %addi 4, 0, 32;
    %assign/vec4 v0x180db50_0, 0;
    %load/vec4 v0x180fec0_0;
    %addi 1, 0, 3;
    %assign/vec4 v0x180fec0_0, 0;
    %jmp T_1.44;
T_1.29 ;
    %load/vec4 v0x180f920_0;
    %split/vec4 8;
    %load/vec4 v0x180db50_0;
    %parti/s 27, 0, 2;
    %ix/vec4 3;
    %ix/load 4, 0, 0; Constant delay
    %assign/vec4/a/d v0x180e4a0, 0, 4;
    %split/vec4 8;
    %load/vec4 v0x180db50_0;
    %parti/s 27, 0, 2;
    %pad/u 28;
    %addi 1, 0, 28;
    %ix/vec4 3;
    %ix/load 4, 0, 0; Constant delay
    %assign/vec4/a/d v0x180e4a0, 0, 4;
    %split/vec4 8;
    %load/vec4 v0x180db50_0;
    %parti/s 27, 0, 2;
    %pad/u 28;
    %addi 2, 0, 28;
    %ix/vec4 3;
    %ix/load 4, 0, 0; Constant delay
    %assign/vec4/a/d v0x180e4a0, 0, 4;
    %load/vec4 v0x180db50_0;
    %parti/s 27, 0, 2;
    %pad/u 28;
    %addi 3, 0, 28;
    %ix/vec4 3;
    %ix/load 4, 0, 0; Constant delay
    %assign/vec4/a/d v0x180e4a0, 0, 4;
    %load/vec4 v0x180db50_0;
    %addi 4, 0, 32;
    %assign/vec4 v0x180db50_0, 0;
    %load/vec4 v0x180fec0_0;
    %addi 1, 0, 3;
    %assign/vec4 v0x180fec0_0, 0;
    %jmp T_1.44;
T_1.30 ;
    %load/vec4 v0x180f920_0;
    %split/vec4 8;
    %load/vec4 v0x180db50_0;
    %parti/s 27, 0, 2;
    %ix/vec4 3;
    %ix/load 4, 0, 0; Constant delay
    %assign/vec4/a/d v0x180e560, 0, 4;
    %split/vec4 8;
    %load/vec4 v0x180db50_0;
    %parti/s 27, 0, 2;
    %pad/u 28;
    %addi 1, 0, 28;
    %ix/vec4 3;
    %ix/load 4, 0, 0; Constant delay
    %assign/vec4/a/d v0x180e560, 0, 4;
    %split/vec4 8;
    %load/vec4 v0x180db50_0;
    %parti/s 27, 0, 2;
    %pad/u 28;
    %addi 2, 0, 28;
    %ix/vec4 3;
    %ix/load 4, 0, 0; Constant delay
    %assign/vec4/a/d v0x180e560, 0, 4;
    %load/vec4 v0x180db50_0;
    %parti/s 27, 0, 2;
    %pad/u 28;
    %addi 3, 0, 28;
    %ix/vec4 3;
    %ix/load 4, 0, 0; Constant delay
    %assign/vec4/a/d v0x180e560, 0, 4;
    %load/vec4 v0x180db50_0;
    %addi 4, 0, 32;
    %assign/vec4 v0x180db50_0, 0;
    %load/vec4 v0x180fec0_0;
    %addi 1, 0, 3;
    %assign/vec4 v0x180fec0_0, 0;
    %jmp T_1.44;
T_1.31 ;
    %load/vec4 v0x180f920_0;
    %split/vec4 8;
    %load/vec4 v0x180db50_0;
    %parti/s 27, 0, 2;
    %ix/vec4 3;
    %ix/load 4, 0, 0; Constant delay
    %assign/vec4/a/d v0x180e620, 0, 4;
    %split/vec4 8;
    %load/vec4 v0x180db50_0;
    %parti/s 27, 0, 2;
    %pad/u 28;
    %addi 1, 0, 28;
    %ix/vec4 3;
    %ix/load 4, 0, 0; Constant delay
    %assign/vec4/a/d v0x180e620, 0, 4;
    %split/vec4 8;
    %load/vec4 v0x180db50_0;
    %parti/s 27, 0, 2;
    %pad/u 28;
    %addi 2, 0, 28;
    %ix/vec4 3;
    %ix/load 4, 0, 0; Constant delay
    %assign/vec4/a/d v0x180e620, 0, 4;
    %load/vec4 v0x180db50_0;
    %parti/s 27, 0, 2;
    %pad/u 28;
    %addi 3, 0, 28;
    %ix/vec4 3;
    %ix/load 4, 0, 0; Constant delay
    %assign/vec4/a/d v0x180e620, 0, 4;
    %load/vec4 v0x180db50_0;
    %addi 4, 0, 32;
    %assign/vec4 v0x180db50_0, 0;
    %load/vec4 v0x180fec0_0;
    %addi 1, 0, 3;
    %assign/vec4 v0x180fec0_0, 0;
    %jmp T_1.44;
T_1.32 ;
    %load/vec4 v0x180f920_0;
    %split/vec4 8;
    %load/vec4 v0x180db50_0;
    %parti/s 27, 0, 2;
    %ix/vec4 3;
    %ix/load 4, 0, 0; Constant delay
    %assign/vec4/a/d v0x180e7a0, 0, 4;
    %split/vec4 8;
    %load/vec4 v0x180db50_0;
    %parti/s 27, 0, 2;
    %pad/u 28;
    %addi 1, 0, 28;
    %ix/vec4 3;
    %ix/load 4, 0, 0; Constant delay
    %assign/vec4/a/d v0x180e7a0, 0, 4;
    %split/vec4 8;
    %load/vec4 v0x180db50_0;
    %parti/s 27, 0, 2;
    %pad/u 28;
    %addi 2, 0, 28;
    %ix/vec4 3;
    %ix/load 4, 0, 0; Constant delay
    %assign/vec4/a/d v0x180e7a0, 0, 4;
    %load/vec4 v0x180db50_0;
    %parti/s 27, 0, 2;
    %pad/u 28;
    %addi 3, 0, 28;
    %ix/vec4 3;
    %ix/load 4, 0, 0; Constant delay
    %assign/vec4/a/d v0x180e7a0, 0, 4;
    %load/vec4 v0x180db50_0;
    %addi 4, 0, 32;
    %assign/vec4 v0x180db50_0, 0;
    %load/vec4 v0x180fec0_0;
    %addi 1, 0, 3;
    %assign/vec4 v0x180fec0_0, 0;
    %jmp T_1.44;
T_1.33 ;
    %load/vec4 v0x180f920_0;
    %split/vec4 8;
    %load/vec4 v0x180db50_0;
    %parti/s 27, 0, 2;
    %ix/vec4 3;
    %ix/load 4, 0, 0; Constant delay
    %assign/vec4/a/d v0x180e950, 0, 4;
    %split/vec4 8;
    %load/vec4 v0x180db50_0;
    %parti/s 27, 0, 2;
    %pad/u 28;
    %addi 1, 0, 28;
    %ix/vec4 3;
    %ix/load 4, 0, 0; Constant delay
    %assign/vec4/a/d v0x180e950, 0, 4;
    %split/vec4 8;
    %load/vec4 v0x180db50_0;
    %parti/s 27, 0, 2;
    %pad/u 28;
    %addi 2, 0, 28;
    %ix/vec4 3;
    %ix/load 4, 0, 0; Constant delay
    %assign/vec4/a/d v0x180e950, 0, 4;
    %load/vec4 v0x180db50_0;
    %parti/s 27, 0, 2;
    %pad/u 28;
    %addi 3, 0, 28;
    %ix/vec4 3;
    %ix/load 4, 0, 0; Constant delay
    %assign/vec4/a/d v0x180e950, 0, 4;
    %load/vec4 v0x180db50_0;
    %addi 4, 0, 32;
    %assign/vec4 v0x180db50_0, 0;
    %load/vec4 v0x180fec0_0;
    %addi 1, 0, 3;
    %assign/vec4 v0x180fec0_0, 0;
    %jmp T_1.44;
T_1.34 ;
    %load/vec4 v0x180f920_0;
    %split/vec4 8;
    %load/vec4 v0x180db50_0;
    %parti/s 27, 0, 2;
    %ix/vec4 3;
    %ix/load 4, 0, 0; Constant delay
    %assign/vec4/a/d v0x180e9f0, 0, 4;
    %split/vec4 8;
    %load/vec4 v0x180db50_0;
    %parti/s 27, 0, 2;
    %pad/u 28;
    %addi 1, 0, 28;
    %ix/vec4 3;
    %ix/load 4, 0, 0; Constant delay
    %assign/vec4/a/d v0x180e9f0, 0, 4;
    %split/vec4 8;
    %load/vec4 v0x180db50_0;
    %parti/s 27, 0, 2;
    %pad/u 28;
    %addi 2, 0, 28;
    %ix/vec4 3;
    %ix/load 4, 0, 0; Constant delay
    %assign/vec4/a/d v0x180e9f0, 0, 4;
    %load/vec4 v0x180db50_0;
    %parti/s 27, 0, 2;
    %pad/u 28;
    %addi 3, 0, 28;
    %ix/vec4 3;
    %ix/load 4, 0, 0; Constant delay
    %assign/vec4/a/d v0x180e9f0, 0, 4;
    %load/vec4 v0x180db50_0;
    %addi 4, 0, 32;
    %assign/vec4 v0x180db50_0, 0;
    %load/vec4 v0x180fec0_0;
    %addi 1, 0, 3;
    %assign/vec4 v0x180fec0_0, 0;
    %jmp T_1.44;
T_1.35 ;
    %load/vec4 v0x180f920_0;
    %split/vec4 8;
    %load/vec4 v0x180db50_0;
    %parti/s 27, 0, 2;
    %ix/vec4 3;
    %ix/load 4, 0, 0; Constant delay
    %assign/vec4/a/d v0x180ea90, 0, 4;
    %split/vec4 8;
    %load/vec4 v0x180db50_0;
    %parti/s 27, 0, 2;
    %pad/u 28;
    %addi 1, 0, 28;
    %ix/vec4 3;
    %ix/load 4, 0, 0; Constant delay
    %assign/vec4/a/d v0x180ea90, 0, 4;
    %split/vec4 8;
    %load/vec4 v0x180db50_0;
    %parti/s 27, 0, 2;
    %pad/u 28;
    %addi 2, 0, 28;
    %ix/vec4 3;
    %ix/load 4, 0, 0; Constant delay
    %assign/vec4/a/d v0x180ea90, 0, 4;
    %load/vec4 v0x180db50_0;
    %parti/s 27, 0, 2;
    %pad/u 28;
    %addi 3, 0, 28;
    %ix/vec4 3;
    %ix/load 4, 0, 0; Constant delay
    %assign/vec4/a/d v0x180ea90, 0, 4;
    %load/vec4 v0x180db50_0;
    %addi 4, 0, 32;
    %assign/vec4 v0x180db50_0, 0;
    %load/vec4 v0x180fec0_0;
    %addi 1, 0, 3;
    %assign/vec4 v0x180fec0_0, 0;
    %jmp T_1.44;
T_1.36 ;
    %load/vec4 v0x180f920_0;
    %split/vec4 8;
    %load/vec4 v0x180db50_0;
    %parti/s 27, 0, 2;
    %ix/vec4 3;
    %ix/load 4, 0, 0; Constant delay
    %assign/vec4/a/d v0x180eb30, 0, 4;
    %split/vec4 8;
    %load/vec4 v0x180db50_0;
    %parti/s 27, 0, 2;
    %pad/u 28;
    %addi 1, 0, 28;
    %ix/vec4 3;
    %ix/load 4, 0, 0; Constant delay
    %assign/vec4/a/d v0x180eb30, 0, 4;
    %split/vec4 8;
    %load/vec4 v0x180db50_0;
    %parti/s 27, 0, 2;
    %pad/u 28;
    %addi 2, 0, 28;
    %ix/vec4 3;
    %ix/load 4, 0, 0; Constant delay
    %assign/vec4/a/d v0x180eb30, 0, 4;
    %load/vec4 v0x180db50_0;
    %parti/s 27, 0, 2;
    %pad/u 28;
    %addi 3, 0, 28;
    %ix/vec4 3;
    %ix/load 4, 0, 0; Constant delay
    %assign/vec4/a/d v0x180eb30, 0, 4;
    %load/vec4 v0x180db50_0;
    %addi 4, 0, 32;
    %assign/vec4 v0x180db50_0, 0;
    %load/vec4 v0x180fec0_0;
    %addi 1, 0, 3;
    %assign/vec4 v0x180fec0_0, 0;
    %jmp T_1.44;
T_1.37 ;
    %load/vec4 v0x180f920_0;
    %split/vec4 8;
    %load/vec4 v0x180db50_0;
    %parti/s 27, 0, 2;
    %ix/vec4 3;
    %ix/load 4, 0, 0; Constant delay
    %assign/vec4/a/d v0x180ebf0, 0, 4;
    %split/vec4 8;
    %load/vec4 v0x180db50_0;
    %parti/s 27, 0, 2;
    %pad/u 28;
    %addi 1, 0, 28;
    %ix/vec4 3;
    %ix/load 4, 0, 0; Constant delay
    %assign/vec4/a/d v0x180ebf0, 0, 4;
    %split/vec4 8;
    %load/vec4 v0x180db50_0;
    %parti/s 27, 0, 2;
    %pad/u 28;
    %addi 2, 0, 28;
    %ix/vec4 3;
    %ix/load 4, 0, 0; Constant delay
    %assign/vec4/a/d v0x180ebf0, 0, 4;
    %load/vec4 v0x180db50_0;
    %parti/s 27, 0, 2;
    %pad/u 28;
    %addi 3, 0, 28;
    %ix/vec4 3;
    %ix/load 4, 0, 0; Constant delay
    %assign/vec4/a/d v0x180ebf0, 0, 4;
    %load/vec4 v0x180db50_0;
    %addi 4, 0, 32;
    %assign/vec4 v0x180db50_0, 0;
    %load/vec4 v0x180fec0_0;
    %addi 1, 0, 3;
    %assign/vec4 v0x180fec0_0, 0;
    %jmp T_1.44;
T_1.38 ;
    %load/vec4 v0x180f920_0;
    %split/vec4 8;
    %load/vec4 v0x180db50_0;
    %parti/s 27, 0, 2;
    %ix/vec4 3;
    %ix/load 4, 0, 0; Constant delay
    %assign/vec4/a/d v0x180ecb0, 0, 4;
    %split/vec4 8;
    %load/vec4 v0x180db50_0;
    %parti/s 27, 0, 2;
    %pad/u 28;
    %addi 1, 0, 28;
    %ix/vec4 3;
    %ix/load 4, 0, 0; Constant delay
    %assign/vec4/a/d v0x180ecb0, 0, 4;
    %split/vec4 8;
    %load/vec4 v0x180db50_0;
    %parti/s 27, 0, 2;
    %pad/u 28;
    %addi 2, 0, 28;
    %ix/vec4 3;
    %ix/load 4, 0, 0; Constant delay
    %assign/vec4/a/d v0x180ecb0, 0, 4;
    %load/vec4 v0x180db50_0;
    %parti/s 27, 0, 2;
    %pad/u 28;
    %addi 3, 0, 28;
    %ix/vec4 3;
    %ix/load 4, 0, 0; Constant delay
    %assign/vec4/a/d v0x180ecb0, 0, 4;
    %load/vec4 v0x180db50_0;
    %addi 4, 0, 32;
    %assign/vec4 v0x180db50_0, 0;
    %load/vec4 v0x180fec0_0;
    %addi 1, 0, 3;
    %assign/vec4 v0x180fec0_0, 0;
    %jmp T_1.44;
T_1.39 ;
    %load/vec4 v0x180f920_0;
    %split/vec4 8;
    %load/vec4 v0x180db50_0;
    %parti/s 27, 0, 2;
    %ix/vec4 3;
    %ix/load 4, 0, 0; Constant delay
    %assign/vec4/a/d v0x180ed70, 0, 4;
    %split/vec4 8;
    %load/vec4 v0x180db50_0;
    %parti/s 27, 0, 2;
    %pad/u 28;
    %addi 1, 0, 28;
    %ix/vec4 3;
    %ix/load 4, 0, 0; Constant delay
    %assign/vec4/a/d v0x180ed70, 0, 4;
    %split/vec4 8;
    %load/vec4 v0x180db50_0;
    %parti/s 27, 0, 2;
    %pad/u 28;
    %addi 2, 0, 28;
    %ix/vec4 3;
    %ix/load 4, 0, 0; Constant delay
    %assign/vec4/a/d v0x180ed70, 0, 4;
    %load/vec4 v0x180db50_0;
    %parti/s 27, 0, 2;
    %pad/u 28;
    %addi 3, 0, 28;
    %ix/vec4 3;
    %ix/load 4, 0, 0; Constant delay
    %assign/vec4/a/d v0x180ed70, 0, 4;
    %load/vec4 v0x180db50_0;
    %addi 4, 0, 32;
    %assign/vec4 v0x180db50_0, 0;
    %load/vec4 v0x180fec0_0;
    %addi 1, 0, 3;
    %assign/vec4 v0x180fec0_0, 0;
    %jmp T_1.44;
T_1.40 ;
    %load/vec4 v0x180f920_0;
    %split/vec4 8;
    %load/vec4 v0x180db50_0;
    %parti/s 27, 0, 2;
    %ix/vec4 3;
    %ix/load 4, 0, 0; Constant delay
    %assign/vec4/a/d v0x180ee30, 0, 4;
    %split/vec4 8;
    %load/vec4 v0x180db50_0;
    %parti/s 27, 0, 2;
    %pad/u 28;
    %addi 1, 0, 28;
    %ix/vec4 3;
    %ix/load 4, 0, 0; Constant delay
    %assign/vec4/a/d v0x180ee30, 0, 4;
    %split/vec4 8;
    %load/vec4 v0x180db50_0;
    %parti/s 27, 0, 2;
    %pad/u 28;
    %addi 2, 0, 28;
    %ix/vec4 3;
    %ix/load 4, 0, 0; Constant delay
    %assign/vec4/a/d v0x180ee30, 0, 4;
    %load/vec4 v0x180db50_0;
    %parti/s 27, 0, 2;
    %pad/u 28;
    %addi 3, 0, 28;
    %ix/vec4 3;
    %ix/load 4, 0, 0; Constant delay
    %assign/vec4/a/d v0x180ee30, 0, 4;
    %load/vec4 v0x180db50_0;
    %addi 4, 0, 32;
    %assign/vec4 v0x180db50_0, 0;
    %load/vec4 v0x180fec0_0;
    %addi 1, 0, 3;
    %assign/vec4 v0x180fec0_0, 0;
    %jmp T_1.44;
T_1.41 ;
    %load/vec4 v0x180f920_0;
    %split/vec4 8;
    %load/vec4 v0x180db50_0;
    %parti/s 27, 0, 2;
    %ix/vec4 3;
    %ix/load 4, 0, 0; Constant delay
    %assign/vec4/a/d v0x180eef0, 0, 4;
    %split/vec4 8;
    %load/vec4 v0x180db50_0;
    %parti/s 27, 0, 2;
    %pad/u 28;
    %addi 1, 0, 28;
    %ix/vec4 3;
    %ix/load 4, 0, 0; Constant delay
    %assign/vec4/a/d v0x180eef0, 0, 4;
    %split/vec4 8;
    %load/vec4 v0x180db50_0;
    %parti/s 27, 0, 2;
    %pad/u 28;
    %addi 2, 0, 28;
    %ix/vec4 3;
    %ix/load 4, 0, 0; Constant delay
    %assign/vec4/a/d v0x180eef0, 0, 4;
    %load/vec4 v0x180db50_0;
    %parti/s 27, 0, 2;
    %pad/u 28;
    %addi 3, 0, 28;
    %ix/vec4 3;
    %ix/load 4, 0, 0; Constant delay
    %assign/vec4/a/d v0x180eef0, 0, 4;
    %load/vec4 v0x180db50_0;
    %addi 4, 0, 32;
    %assign/vec4 v0x180db50_0, 0;
    %load/vec4 v0x180fec0_0;
    %addi 1, 0, 3;
    %assign/vec4 v0x180fec0_0, 0;
    %jmp T_1.44;
T_1.42 ;
    %load/vec4 v0x180f920_0;
    %split/vec4 8;
    %load/vec4 v0x180db50_0;
    %parti/s 27, 0, 2;
    %ix/vec4 3;
    %ix/load 4, 0, 0; Constant delay
    %assign/vec4/a/d v0x180f070, 0, 4;
    %split/vec4 8;
    %load/vec4 v0x180db50_0;
    %parti/s 27, 0, 2;
    %pad/u 28;
    %addi 1, 0, 28;
    %ix/vec4 3;
    %ix/load 4, 0, 0; Constant delay
    %assign/vec4/a/d v0x180f070, 0, 4;
    %split/vec4 8;
    %load/vec4 v0x180db50_0;
    %parti/s 27, 0, 2;
    %pad/u 28;
    %addi 2, 0, 28;
    %ix/vec4 3;
    %ix/load 4, 0, 0; Constant delay
    %assign/vec4/a/d v0x180f070, 0, 4;
    %load/vec4 v0x180db50_0;
    %parti/s 27, 0, 2;
    %pad/u 28;
    %addi 3, 0, 28;
    %ix/vec4 3;
    %ix/load 4, 0, 0; Constant delay
    %assign/vec4/a/d v0x180f070, 0, 4;
    %load/vec4 v0x180db50_0;
    %addi 4, 0, 32;
    %assign/vec4 v0x180db50_0, 0;
    %load/vec4 v0x180fec0_0;
    %addi 1, 0, 3;
    %assign/vec4 v0x180fec0_0, 0;
    %jmp T_1.44;
T_1.43 ;
    %load/vec4 v0x180f920_0;
    %split/vec4 8;
    %load/vec4 v0x180db50_0;
    %parti/s 27, 0, 2;
    %ix/vec4 3;
    %ix/load 4, 0, 0; Constant delay
    %assign/vec4/a/d v0x180f130, 0, 4;
    %split/vec4 8;
    %load/vec4 v0x180db50_0;
    %parti/s 27, 0, 2;
    %pad/u 28;
    %addi 1, 0, 28;
    %ix/vec4 3;
    %ix/load 4, 0, 0; Constant delay
    %assign/vec4/a/d v0x180f130, 0, 4;
    %split/vec4 8;
    %load/vec4 v0x180db50_0;
    %parti/s 27, 0, 2;
    %pad/u 28;
    %addi 2, 0, 28;
    %ix/vec4 3;
    %ix/load 4, 0, 0; Constant delay
    %assign/vec4/a/d v0x180f130, 0, 4;
    %load/vec4 v0x180db50_0;
    %parti/s 27, 0, 2;
    %pad/u 28;
    %addi 3, 0, 28;
    %ix/vec4 3;
    %ix/load 4, 0, 0; Constant delay
    %assign/vec4/a/d v0x180f130, 0, 4;
    %load/vec4 v0x180db50_0;
    %addi 4, 0, 32;
    %assign/vec4 v0x180db50_0, 0;
    %load/vec4 v0x180fec0_0;
    %addi 1, 0, 3;
    %assign/vec4 v0x180fec0_0, 0;
    %jmp T_1.44;
T_1.44 ;
    %pop/vec4 1;
T_1.11 ;
    %jmp T_1.5;
T_1.4 ;
    %load/vec4 v0x180fec0_0;
    %load/vec4 v0x180ffa0_0;
    %cmp/u;
    %jmp/0xz  T_1.45, 5;
    %load/vec4 v0x180db50_0;
    %parti/s 5, 27, 6;
    %dup/vec4;
    %pushi/vec4 0, 0, 5;
    %cmp/u;
    %jmp/1 T_1.47, 6;
    %dup/vec4;
    %pushi/vec4 1, 0, 5;
    %cmp/u;
    %jmp/1 T_1.48, 6;
    %dup/vec4;
    %pushi/vec4 2, 0, 5;
    %cmp/u;
    %jmp/1 T_1.49, 6;
    %dup/vec4;
    %pushi/vec4 3, 0, 5;
    %cmp/u;
    %jmp/1 T_1.50, 6;
    %dup/vec4;
    %pushi/vec4 4, 0, 5;
    %cmp/u;
    %jmp/1 T_1.51, 6;
    %dup/vec4;
    %pushi/vec4 5, 0, 5;
    %cmp/u;
    %jmp/1 T_1.52, 6;
    %dup/vec4;
    %pushi/vec4 6, 0, 5;
    %cmp/u;
    %jmp/1 T_1.53, 6;
    %dup/vec4;
    %pushi/vec4 7, 0, 5;
    %cmp/u;
    %jmp/1 T_1.54, 6;
    %dup/vec4;
    %pushi/vec4 8, 0, 5;
    %cmp/u;
    %jmp/1 T_1.55, 6;
    %dup/vec4;
    %pushi/vec4 9, 0, 5;
    %cmp/u;
    %jmp/1 T_1.56, 6;
    %dup/vec4;
    %pushi/vec4 10, 0, 5;
    %cmp/u;
    %jmp/1 T_1.57, 6;
    %dup/vec4;
    %pushi/vec4 11, 0, 5;
    %cmp/u;
    %jmp/1 T_1.58, 6;
    %dup/vec4;
    %pushi/vec4 12, 0, 5;
    %cmp/u;
    %jmp/1 T_1.59, 6;
    %dup/vec4;
    %pushi/vec4 13, 0, 5;
    %cmp/u;
    %jmp/1 T_1.60, 6;
    %dup/vec4;
    %pushi/vec4 14, 0, 5;
    %cmp/u;
    %jmp/1 T_1.61, 6;
    %dup/vec4;
    %pushi/vec4 15, 0, 5;
    %cmp/u;
    %jmp/1 T_1.62, 6;
    %dup/vec4;
    %pushi/vec4 16, 0, 5;
    %cmp/u;
    %jmp/1 T_1.63, 6;
    %dup/vec4;
    %pushi/vec4 17, 0, 5;
    %cmp/u;
    %jmp/1 T_1.64, 6;
    %dup/vec4;
    %pushi/vec4 18, 0, 5;
    %cmp/u;
    %jmp/1 T_1.65, 6;
    %dup/vec4;
    %pushi/vec4 19, 0, 5;
    %cmp/u;
    %jmp/1 T_1.66, 6;
    %dup/vec4;
    %pushi/vec4 20, 0, 5;
    %cmp/u;
    %jmp/1 T_1.67, 6;
    %dup/vec4;
    %pushi/vec4 21, 0, 5;
    %cmp/u;
    %jmp/1 T_1.68, 6;
    %dup/vec4;
    %pushi/vec4 22, 0, 5;
    %cmp/u;
    %jmp/1 T_1.69, 6;
    %dup/vec4;
    %pushi/vec4 23, 0, 5;
    %cmp/u;
    %jmp/1 T_1.70, 6;
    %dup/vec4;
    %pushi/vec4 24, 0, 5;
    %cmp/u;
    %jmp/1 T_1.71, 6;
    %dup/vec4;
    %pushi/vec4 25, 0, 5;
    %cmp/u;
    %jmp/1 T_1.72, 6;
    %dup/vec4;
    %pushi/vec4 26, 0, 5;
    %cmp/u;
    %jmp/1 T_1.73, 6;
    %dup/vec4;
    %pushi/vec4 27, 0, 5;
    %cmp/u;
    %jmp/1 T_1.74, 6;
    %dup/vec4;
    %pushi/vec4 28, 0, 5;
    %cmp/u;
    %jmp/1 T_1.75, 6;
    %dup/vec4;
    %pushi/vec4 29, 0, 5;
    %cmp/u;
    %jmp/1 T_1.76, 6;
    %dup/vec4;
    %pushi/vec4 30, 0, 5;
    %cmp/u;
    %jmp/1 T_1.77, 6;
    %dup/vec4;
    %pushi/vec4 31, 0, 5;
    %cmp/u;
    %jmp/1 T_1.78, 6;
    %jmp T_1.79;
T_1.47 ;
    %load/vec4 v0x180db50_0;
    %parti/s 27, 0, 2;
    %pad/u 28;
    %addi 3, 0, 28;
    %ix/vec4 4;
    %load/vec4a v0x180dd00, 4;
    %load/vec4 v0x180db50_0;
    %parti/s 27, 0, 2;
    %pad/u 28;
    %addi 2, 0, 28;
    %ix/vec4 4;
    %load/vec4a v0x180dd00, 4;
    %concat/vec4; draw_concat_vec4
    %load/vec4 v0x180db50_0;
    %parti/s 27, 0, 2;
    %pad/u 28;
    %addi 1, 0, 28;
    %ix/vec4 4;
    %load/vec4a v0x180dd00, 4;
    %concat/vec4; draw_concat_vec4
    %load/vec4 v0x180db50_0;
    %parti/s 27, 0, 2;
    %ix/vec4 4;
    %load/vec4a v0x180dd00, 4;
    %concat/vec4; draw_concat_vec4
    %assign/vec4 v0x180f780_0, 0;
    %load/vec4 v0x180db50_0;
    %addi 4, 0, 32;
    %assign/vec4 v0x180db50_0, 0;
    %load/vec4 v0x180fec0_0;
    %addi 1, 0, 3;
    %assign/vec4 v0x180fec0_0, 0;
    %jmp T_1.79;
T_1.48 ;
    %load/vec4 v0x180db50_0;
    %parti/s 27, 0, 2;
    %pad/u 28;
    %addi 3, 0, 28;
    %ix/vec4 4;
    %load/vec4a v0x180ddc0, 4;
    %load/vec4 v0x180db50_0;
    %parti/s 27, 0, 2;
    %pad/u 28;
    %addi 2, 0, 28;
    %ix/vec4 4;
    %load/vec4a v0x180ddc0, 4;
    %concat/vec4; draw_concat_vec4
    %load/vec4 v0x180db50_0;
    %parti/s 27, 0, 2;
    %pad/u 28;
    %addi 1, 0, 28;
    %ix/vec4 4;
    %load/vec4a v0x180ddc0, 4;
    %concat/vec4; draw_concat_vec4
    %load/vec4 v0x180db50_0;
    %parti/s 27, 0, 2;
    %ix/vec4 4;
    %load/vec4a v0x180ddc0, 4;
    %concat/vec4; draw_concat_vec4
    %assign/vec4 v0x180f780_0, 0;
    %load/vec4 v0x180db50_0;
    %addi 4, 0, 32;
    %assign/vec4 v0x180db50_0, 0;
    %load/vec4 v0x180fec0_0;
    %addi 1, 0, 3;
    %assign/vec4 v0x180fec0_0, 0;
    %jmp T_1.79;
T_1.49 ;
    %load/vec4 v0x180db50_0;
    %parti/s 27, 0, 2;
    %pad/u 28;
    %addi 3, 0, 28;
    %ix/vec4 4;
    %load/vec4a v0x180e6e0, 4;
    %load/vec4 v0x180db50_0;
    %parti/s 27, 0, 2;
    %pad/u 28;
    %addi 2, 0, 28;
    %ix/vec4 4;
    %load/vec4a v0x180e6e0, 4;
    %concat/vec4; draw_concat_vec4
    %load/vec4 v0x180db50_0;
    %parti/s 27, 0, 2;
    %pad/u 28;
    %addi 1, 0, 28;
    %ix/vec4 4;
    %load/vec4a v0x180e6e0, 4;
    %concat/vec4; draw_concat_vec4
    %load/vec4 v0x180db50_0;
    %parti/s 27, 0, 2;
    %ix/vec4 4;
    %load/vec4a v0x180e6e0, 4;
    %concat/vec4; draw_concat_vec4
    %assign/vec4 v0x180f780_0, 0;
    %load/vec4 v0x180db50_0;
    %addi 4, 0, 32;
    %assign/vec4 v0x180db50_0, 0;
    %load/vec4 v0x180fec0_0;
    %addi 1, 0, 3;
    %assign/vec4 v0x180fec0_0, 0;
    %jmp T_1.79;
T_1.50 ;
    %load/vec4 v0x180db50_0;
    %parti/s 27, 0, 2;
    %pad/u 28;
    %addi 3, 0, 28;
    %ix/vec4 4;
    %load/vec4a v0x180efb0, 4;
    %load/vec4 v0x180db50_0;
    %parti/s 27, 0, 2;
    %pad/u 28;
    %addi 2, 0, 28;
    %ix/vec4 4;
    %load/vec4a v0x180efb0, 4;
    %concat/vec4; draw_concat_vec4
    %load/vec4 v0x180db50_0;
    %parti/s 27, 0, 2;
    %pad/u 28;
    %addi 1, 0, 28;
    %ix/vec4 4;
    %load/vec4a v0x180efb0, 4;
    %concat/vec4; draw_concat_vec4
    %load/vec4 v0x180db50_0;
    %parti/s 27, 0, 2;
    %ix/vec4 4;
    %load/vec4a v0x180efb0, 4;
    %concat/vec4; draw_concat_vec4
    %assign/vec4 v0x180f780_0, 0;
    %load/vec4 v0x180db50_0;
    %addi 4, 0, 32;
    %assign/vec4 v0x180db50_0, 0;
    %load/vec4 v0x180fec0_0;
    %addi 1, 0, 3;
    %assign/vec4 v0x180fec0_0, 0;
    %jmp T_1.79;
T_1.51 ;
    %load/vec4 v0x180db50_0;
    %parti/s 27, 0, 2;
    %pad/u 28;
    %addi 3, 0, 28;
    %ix/vec4 4;
    %load/vec4a v0x180f1f0, 4;
    %load/vec4 v0x180db50_0;
    %parti/s 27, 0, 2;
    %pad/u 28;
    %addi 2, 0, 28;
    %ix/vec4 4;
    %load/vec4a v0x180f1f0, 4;
    %concat/vec4; draw_concat_vec4
    %load/vec4 v0x180db50_0;
    %parti/s 27, 0, 2;
    %pad/u 28;
    %addi 1, 0, 28;
    %ix/vec4 4;
    %load/vec4a v0x180f1f0, 4;
    %concat/vec4; draw_concat_vec4
    %load/vec4 v0x180db50_0;
    %parti/s 27, 0, 2;
    %ix/vec4 4;
    %load/vec4a v0x180f1f0, 4;
    %concat/vec4; draw_concat_vec4
    %assign/vec4 v0x180f780_0, 0;
    %load/vec4 v0x180db50_0;
    %addi 4, 0, 32;
    %assign/vec4 v0x180db50_0, 0;
    %load/vec4 v0x180fec0_0;
    %addi 1, 0, 3;
    %assign/vec4 v0x180fec0_0, 0;
    %jmp T_1.79;
T_1.52 ;
    %load/vec4 v0x180db50_0;
    %parti/s 27, 0, 2;
    %pad/u 28;
    %addi 3, 0, 28;
    %ix/vec4 4;
    %load/vec4a v0x180f2b0, 4;
    %load/vec4 v0x180db50_0;
    %parti/s 27, 0, 2;
    %pad/u 28;
    %addi 2, 0, 28;
    %ix/vec4 4;
    %load/vec4a v0x180f2b0, 4;
    %concat/vec4; draw_concat_vec4
    %load/vec4 v0x180db50_0;
    %parti/s 27, 0, 2;
    %pad/u 28;
    %addi 1, 0, 28;
    %ix/vec4 4;
    %load/vec4a v0x180f2b0, 4;
    %concat/vec4; draw_concat_vec4
    %load/vec4 v0x180db50_0;
    %parti/s 27, 0, 2;
    %ix/vec4 4;
    %load/vec4a v0x180f2b0, 4;
    %concat/vec4; draw_concat_vec4
    %assign/vec4 v0x180f780_0, 0;
    %load/vec4 v0x180db50_0;
    %addi 4, 0, 32;
    %assign/vec4 v0x180db50_0, 0;
    %load/vec4 v0x180fec0_0;
    %addi 1, 0, 3;
    %assign/vec4 v0x180fec0_0, 0;
    %jmp T_1.79;
T_1.53 ;
    %load/vec4 v0x180db50_0;
    %parti/s 27, 0, 2;
    %pad/u 28;
    %addi 3, 0, 28;
    %ix/vec4 4;
    %load/vec4a v0x180f370, 4;
    %load/vec4 v0x180db50_0;
    %parti/s 27, 0, 2;
    %pad/u 28;
    %addi 2, 0, 28;
    %ix/vec4 4;
    %load/vec4a v0x180f370, 4;
    %concat/vec4; draw_concat_vec4
    %load/vec4 v0x180db50_0;
    %parti/s 27, 0, 2;
    %pad/u 28;
    %addi 1, 0, 28;
    %ix/vec4 4;
    %load/vec4a v0x180f370, 4;
    %concat/vec4; draw_concat_vec4
    %load/vec4 v0x180db50_0;
    %parti/s 27, 0, 2;
    %ix/vec4 4;
    %load/vec4a v0x180f370, 4;
    %concat/vec4; draw_concat_vec4
    %assign/vec4 v0x180f780_0, 0;
    %load/vec4 v0x180db50_0;
    %addi 4, 0, 32;
    %assign/vec4 v0x180db50_0, 0;
    %load/vec4 v0x180fec0_0;
    %addi 1, 0, 3;
    %assign/vec4 v0x180fec0_0, 0;
    %jmp T_1.79;
T_1.54 ;
    %load/vec4 v0x180db50_0;
    %parti/s 27, 0, 2;
    %pad/u 28;
    %addi 3, 0, 28;
    %ix/vec4 4;
    %load/vec4a v0x180f430, 4;
    %load/vec4 v0x180db50_0;
    %parti/s 27, 0, 2;
    %pad/u 28;
    %addi 2, 0, 28;
    %ix/vec4 4;
    %load/vec4a v0x180f430, 4;
    %concat/vec4; draw_concat_vec4
    %load/vec4 v0x180db50_0;
    %parti/s 27, 0, 2;
    %pad/u 28;
    %addi 1, 0, 28;
    %ix/vec4 4;
    %load/vec4a v0x180f430, 4;
    %concat/vec4; draw_concat_vec4
    %load/vec4 v0x180db50_0;
    %parti/s 27, 0, 2;
    %ix/vec4 4;
    %load/vec4a v0x180f430, 4;
    %concat/vec4; draw_concat_vec4
    %assign/vec4 v0x180f780_0, 0;
    %load/vec4 v0x180db50_0;
    %addi 4, 0, 32;
    %assign/vec4 v0x180db50_0, 0;
    %load/vec4 v0x180fec0_0;
    %addi 1, 0, 3;
    %assign/vec4 v0x180fec0_0, 0;
    %jmp T_1.79;
T_1.55 ;
    %load/vec4 v0x180db50_0;
    %parti/s 27, 0, 2;
    %pad/u 28;
    %addi 3, 0, 28;
    %ix/vec4 4;
    %load/vec4a v0x180e860, 4;
    %load/vec4 v0x180db50_0;
    %parti/s 27, 0, 2;
    %pad/u 28;
    %addi 2, 0, 28;
    %ix/vec4 4;
    %load/vec4a v0x180e860, 4;
    %concat/vec4; draw_concat_vec4
    %load/vec4 v0x180db50_0;
    %parti/s 27, 0, 2;
    %pad/u 28;
    %addi 1, 0, 28;
    %ix/vec4 4;
    %load/vec4a v0x180e860, 4;
    %concat/vec4; draw_concat_vec4
    %load/vec4 v0x180db50_0;
    %parti/s 27, 0, 2;
    %ix/vec4 4;
    %load/vec4a v0x180e860, 4;
    %concat/vec4; draw_concat_vec4
    %assign/vec4 v0x180f780_0, 0;
    %load/vec4 v0x180db50_0;
    %addi 4, 0, 32;
    %assign/vec4 v0x180db50_0, 0;
    %load/vec4 v0x180fec0_0;
    %addi 1, 0, 3;
    %assign/vec4 v0x180fec0_0, 0;
    %jmp T_1.79;
T_1.56 ;
    %load/vec4 v0x180db50_0;
    %parti/s 27, 0, 2;
    %pad/u 28;
    %addi 3, 0, 28;
    %ix/vec4 4;
    %load/vec4a v0x180f6e0, 4;
    %load/vec4 v0x180db50_0;
    %parti/s 27, 0, 2;
    %pad/u 28;
    %addi 2, 0, 28;
    %ix/vec4 4;
    %load/vec4a v0x180f6e0, 4;
    %concat/vec4; draw_concat_vec4
    %load/vec4 v0x180db50_0;
    %parti/s 27, 0, 2;
    %pad/u 28;
    %addi 1, 0, 28;
    %ix/vec4 4;
    %load/vec4a v0x180f6e0, 4;
    %concat/vec4; draw_concat_vec4
    %load/vec4 v0x180db50_0;
    %parti/s 27, 0, 2;
    %ix/vec4 4;
    %load/vec4a v0x180f6e0, 4;
    %concat/vec4; draw_concat_vec4
    %assign/vec4 v0x180f780_0, 0;
    %load/vec4 v0x180db50_0;
    %addi 4, 0, 32;
    %assign/vec4 v0x180db50_0, 0;
    %load/vec4 v0x180fec0_0;
    %addi 1, 0, 3;
    %assign/vec4 v0x180fec0_0, 0;
    %jmp T_1.79;
T_1.57 ;
    %load/vec4 v0x180db50_0;
    %parti/s 27, 0, 2;
    %pad/u 28;
    %addi 3, 0, 28;
    %ix/vec4 4;
    %load/vec4a v0x180ded0, 4;
    %load/vec4 v0x180db50_0;
    %parti/s 27, 0, 2;
    %pad/u 28;
    %addi 2, 0, 28;
    %ix/vec4 4;
    %load/vec4a v0x180ded0, 4;
    %concat/vec4; draw_concat_vec4
    %load/vec4 v0x180db50_0;
    %parti/s 27, 0, 2;
    %pad/u 28;
    %addi 1, 0, 28;
    %ix/vec4 4;
    %load/vec4a v0x180ded0, 4;
    %concat/vec4; draw_concat_vec4
    %load/vec4 v0x180db50_0;
    %parti/s 27, 0, 2;
    %ix/vec4 4;
    %load/vec4a v0x180ded0, 4;
    %concat/vec4; draw_concat_vec4
    %assign/vec4 v0x180f780_0, 0;
    %load/vec4 v0x180db50_0;
    %addi 4, 0, 32;
    %assign/vec4 v0x180db50_0, 0;
    %load/vec4 v0x180fec0_0;
    %addi 1, 0, 3;
    %assign/vec4 v0x180fec0_0, 0;
    %jmp T_1.79;
T_1.58 ;
    %load/vec4 v0x180db50_0;
    %parti/s 27, 0, 2;
    %pad/u 28;
    %addi 3, 0, 28;
    %ix/vec4 4;
    %load/vec4a v0x180df90, 4;
    %load/vec4 v0x180db50_0;
    %parti/s 27, 0, 2;
    %pad/u 28;
    %addi 2, 0, 28;
    %ix/vec4 4;
    %load/vec4a v0x180df90, 4;
    %concat/vec4; draw_concat_vec4
    %load/vec4 v0x180db50_0;
    %parti/s 27, 0, 2;
    %pad/u 28;
    %addi 1, 0, 28;
    %ix/vec4 4;
    %load/vec4a v0x180df90, 4;
    %concat/vec4; draw_concat_vec4
    %load/vec4 v0x180db50_0;
    %parti/s 27, 0, 2;
    %ix/vec4 4;
    %load/vec4a v0x180df90, 4;
    %concat/vec4; draw_concat_vec4
    %assign/vec4 v0x180f780_0, 0;
    %load/vec4 v0x180db50_0;
    %addi 4, 0, 32;
    %assign/vec4 v0x180db50_0, 0;
    %load/vec4 v0x180fec0_0;
    %addi 1, 0, 3;
    %assign/vec4 v0x180fec0_0, 0;
    %jmp T_1.79;
T_1.59 ;
    %load/vec4 v0x180db50_0;
    %parti/s 27, 0, 2;
    %pad/u 28;
    %addi 3, 0, 28;
    %ix/vec4 4;
    %load/vec4a v0x180e050, 4;
    %load/vec4 v0x180db50_0;
    %parti/s 27, 0, 2;
    %pad/u 28;
    %addi 2, 0, 28;
    %ix/vec4 4;
    %load/vec4a v0x180e050, 4;
    %concat/vec4; draw_concat_vec4
    %load/vec4 v0x180db50_0;
    %parti/s 27, 0, 2;
    %pad/u 28;
    %addi 1, 0, 28;
    %ix/vec4 4;
    %load/vec4a v0x180e050, 4;
    %concat/vec4; draw_concat_vec4
    %load/vec4 v0x180db50_0;
    %parti/s 27, 0, 2;
    %ix/vec4 4;
    %load/vec4a v0x180e050, 4;
    %concat/vec4; draw_concat_vec4
    %assign/vec4 v0x180f780_0, 0;
    %load/vec4 v0x180db50_0;
    %addi 4, 0, 32;
    %assign/vec4 v0x180db50_0, 0;
    %load/vec4 v0x180fec0_0;
    %addi 1, 0, 3;
    %assign/vec4 v0x180fec0_0, 0;
    %jmp T_1.79;
T_1.60 ;
    %load/vec4 v0x180db50_0;
    %parti/s 27, 0, 2;
    %pad/u 28;
    %addi 3, 0, 28;
    %ix/vec4 4;
    %load/vec4a v0x180e110, 4;
    %load/vec4 v0x180db50_0;
    %parti/s 27, 0, 2;
    %pad/u 28;
    %addi 2, 0, 28;
    %ix/vec4 4;
    %load/vec4a v0x180e110, 4;
    %concat/vec4; draw_concat_vec4
    %load/vec4 v0x180db50_0;
    %parti/s 27, 0, 2;
    %pad/u 28;
    %addi 1, 0, 28;
    %ix/vec4 4;
    %load/vec4a v0x180e110, 4;
    %concat/vec4; draw_concat_vec4
    %load/vec4 v0x180db50_0;
    %parti/s 27, 0, 2;
    %ix/vec4 4;
    %load/vec4a v0x180e110, 4;
    %concat/vec4; draw_concat_vec4
    %assign/vec4 v0x180f780_0, 0;
    %load/vec4 v0x180db50_0;
    %addi 4, 0, 32;
    %assign/vec4 v0x180db50_0, 0;
    %load/vec4 v0x180fec0_0;
    %addi 1, 0, 3;
    %assign/vec4 v0x180fec0_0, 0;
    %jmp T_1.79;
T_1.61 ;
    %load/vec4 v0x180db50_0;
    %parti/s 27, 0, 2;
    %pad/u 28;
    %addi 3, 0, 28;
    %ix/vec4 4;
    %load/vec4a v0x180e260, 4;
    %load/vec4 v0x180db50_0;
    %parti/s 27, 0, 2;
    %pad/u 28;
    %addi 2, 0, 28;
    %ix/vec4 4;
    %load/vec4a v0x180e260, 4;
    %concat/vec4; draw_concat_vec4
    %load/vec4 v0x180db50_0;
    %parti/s 27, 0, 2;
    %pad/u 28;
    %addi 1, 0, 28;
    %ix/vec4 4;
    %load/vec4a v0x180e260, 4;
    %concat/vec4; draw_concat_vec4
    %load/vec4 v0x180db50_0;
    %parti/s 27, 0, 2;
    %ix/vec4 4;
    %load/vec4a v0x180e260, 4;
    %concat/vec4; draw_concat_vec4
    %assign/vec4 v0x180f780_0, 0;
    %load/vec4 v0x180db50_0;
    %addi 4, 0, 32;
    %assign/vec4 v0x180db50_0, 0;
    %load/vec4 v0x180fec0_0;
    %addi 1, 0, 3;
    %assign/vec4 v0x180fec0_0, 0;
    %jmp T_1.79;
T_1.62 ;
    %load/vec4 v0x180db50_0;
    %parti/s 27, 0, 2;
    %pad/u 28;
    %addi 3, 0, 28;
    %ix/vec4 4;
    %load/vec4a v0x180e320, 4;
    %load/vec4 v0x180db50_0;
    %parti/s 27, 0, 2;
    %pad/u 28;
    %addi 2, 0, 28;
    %ix/vec4 4;
    %load/vec4a v0x180e320, 4;
    %concat/vec4; draw_concat_vec4
    %load/vec4 v0x180db50_0;
    %parti/s 27, 0, 2;
    %pad/u 28;
    %addi 1, 0, 28;
    %ix/vec4 4;
    %load/vec4a v0x180e320, 4;
    %concat/vec4; draw_concat_vec4
    %load/vec4 v0x180db50_0;
    %parti/s 27, 0, 2;
    %ix/vec4 4;
    %load/vec4a v0x180e320, 4;
    %concat/vec4; draw_concat_vec4
    %assign/vec4 v0x180f780_0, 0;
    %load/vec4 v0x180db50_0;
    %addi 4, 0, 32;
    %assign/vec4 v0x180db50_0, 0;
    %load/vec4 v0x180fec0_0;
    %addi 1, 0, 3;
    %assign/vec4 v0x180fec0_0, 0;
    %jmp T_1.79;
T_1.63 ;
    %load/vec4 v0x180db50_0;
    %parti/s 27, 0, 2;
    %pad/u 28;
    %addi 3, 0, 28;
    %ix/vec4 4;
    %load/vec4a v0x180e3e0, 4;
    %load/vec4 v0x180db50_0;
    %parti/s 27, 0, 2;
    %pad/u 28;
    %addi 2, 0, 28;
    %ix/vec4 4;
    %load/vec4a v0x180e3e0, 4;
    %concat/vec4; draw_concat_vec4
    %load/vec4 v0x180db50_0;
    %parti/s 27, 0, 2;
    %pad/u 28;
    %addi 1, 0, 28;
    %ix/vec4 4;
    %load/vec4a v0x180e3e0, 4;
    %concat/vec4; draw_concat_vec4
    %load/vec4 v0x180db50_0;
    %parti/s 27, 0, 2;
    %ix/vec4 4;
    %load/vec4a v0x180e3e0, 4;
    %concat/vec4; draw_concat_vec4
    %assign/vec4 v0x180f780_0, 0;
    %load/vec4 v0x180db50_0;
    %addi 4, 0, 32;
    %assign/vec4 v0x180db50_0, 0;
    %load/vec4 v0x180fec0_0;
    %addi 1, 0, 3;
    %assign/vec4 v0x180fec0_0, 0;
    %jmp T_1.79;
T_1.64 ;
    %load/vec4 v0x180db50_0;
    %parti/s 27, 0, 2;
    %pad/u 28;
    %addi 3, 0, 28;
    %ix/vec4 4;
    %load/vec4a v0x180e4a0, 4;
    %load/vec4 v0x180db50_0;
    %parti/s 27, 0, 2;
    %pad/u 28;
    %addi 2, 0, 28;
    %ix/vec4 4;
    %load/vec4a v0x180e4a0, 4;
    %concat/vec4; draw_concat_vec4
    %load/vec4 v0x180db50_0;
    %parti/s 27, 0, 2;
    %pad/u 28;
    %addi 1, 0, 28;
    %ix/vec4 4;
    %load/vec4a v0x180e4a0, 4;
    %concat/vec4; draw_concat_vec4
    %load/vec4 v0x180db50_0;
    %parti/s 27, 0, 2;
    %ix/vec4 4;
    %load/vec4a v0x180e4a0, 4;
    %concat/vec4; draw_concat_vec4
    %assign/vec4 v0x180f780_0, 0;
    %load/vec4 v0x180db50_0;
    %addi 4, 0, 32;
    %assign/vec4 v0x180db50_0, 0;
    %load/vec4 v0x180fec0_0;
    %addi 1, 0, 3;
    %assign/vec4 v0x180fec0_0, 0;
    %jmp T_1.79;
T_1.65 ;
    %load/vec4 v0x180db50_0;
    %parti/s 27, 0, 2;
    %pad/u 28;
    %addi 3, 0, 28;
    %ix/vec4 4;
    %load/vec4a v0x180e560, 4;
    %load/vec4 v0x180db50_0;
    %parti/s 27, 0, 2;
    %pad/u 28;
    %addi 2, 0, 28;
    %ix/vec4 4;
    %load/vec4a v0x180e560, 4;
    %concat/vec4; draw_concat_vec4
    %load/vec4 v0x180db50_0;
    %parti/s 27, 0, 2;
    %pad/u 28;
    %addi 1, 0, 28;
    %ix/vec4 4;
    %load/vec4a v0x180e560, 4;
    %concat/vec4; draw_concat_vec4
    %load/vec4 v0x180db50_0;
    %parti/s 27, 0, 2;
    %ix/vec4 4;
    %load/vec4a v0x180e560, 4;
    %concat/vec4; draw_concat_vec4
    %assign/vec4 v0x180f780_0, 0;
    %load/vec4 v0x180db50_0;
    %addi 4, 0, 32;
    %assign/vec4 v0x180db50_0, 0;
    %load/vec4 v0x180fec0_0;
    %addi 1, 0, 3;
    %assign/vec4 v0x180fec0_0, 0;
    %jmp T_1.79;
T_1.66 ;
    %load/vec4 v0x180db50_0;
    %parti/s 27, 0, 2;
    %pad/u 28;
    %addi 3, 0, 28;
    %ix/vec4 4;
    %load/vec4a v0x180e620, 4;
    %load/vec4 v0x180db50_0;
    %parti/s 27, 0, 2;
    %pad/u 28;
    %addi 2, 0, 28;
    %ix/vec4 4;
    %load/vec4a v0x180e620, 4;
    %concat/vec4; draw_concat_vec4
    %load/vec4 v0x180db50_0;
    %parti/s 27, 0, 2;
    %pad/u 28;
    %addi 1, 0, 28;
    %ix/vec4 4;
    %load/vec4a v0x180e620, 4;
    %concat/vec4; draw_concat_vec4
    %load/vec4 v0x180db50_0;
    %parti/s 27, 0, 2;
    %ix/vec4 4;
    %load/vec4a v0x180e620, 4;
    %concat/vec4; draw_concat_vec4
    %assign/vec4 v0x180f780_0, 0;
    %load/vec4 v0x180db50_0;
    %addi 4, 0, 32;
    %assign/vec4 v0x180db50_0, 0;
    %load/vec4 v0x180fec0_0;
    %addi 1, 0, 3;
    %assign/vec4 v0x180fec0_0, 0;
    %jmp T_1.79;
T_1.67 ;
    %load/vec4 v0x180db50_0;
    %parti/s 27, 0, 2;
    %pad/u 28;
    %addi 3, 0, 28;
    %ix/vec4 4;
    %load/vec4a v0x180e7a0, 4;
    %load/vec4 v0x180db50_0;
    %parti/s 27, 0, 2;
    %pad/u 28;
    %addi 2, 0, 28;
    %ix/vec4 4;
    %load/vec4a v0x180e7a0, 4;
    %concat/vec4; draw_concat_vec4
    %load/vec4 v0x180db50_0;
    %parti/s 27, 0, 2;
    %pad/u 28;
    %addi 1, 0, 28;
    %ix/vec4 4;
    %load/vec4a v0x180e7a0, 4;
    %concat/vec4; draw_concat_vec4
    %load/vec4 v0x180db50_0;
    %parti/s 27, 0, 2;
    %ix/vec4 4;
    %load/vec4a v0x180e7a0, 4;
    %concat/vec4; draw_concat_vec4
    %assign/vec4 v0x180f780_0, 0;
    %load/vec4 v0x180db50_0;
    %addi 4, 0, 32;
    %assign/vec4 v0x180db50_0, 0;
    %load/vec4 v0x180fec0_0;
    %addi 1, 0, 3;
    %assign/vec4 v0x180fec0_0, 0;
    %jmp T_1.79;
T_1.68 ;
    %load/vec4 v0x180db50_0;
    %parti/s 27, 0, 2;
    %pad/u 28;
    %addi 3, 0, 28;
    %ix/vec4 4;
    %load/vec4a v0x180e950, 4;
    %load/vec4 v0x180db50_0;
    %parti/s 27, 0, 2;
    %pad/u 28;
    %addi 2, 0, 28;
    %ix/vec4 4;
    %load/vec4a v0x180e950, 4;
    %concat/vec4; draw_concat_vec4
    %load/vec4 v0x180db50_0;
    %parti/s 27, 0, 2;
    %pad/u 28;
    %addi 1, 0, 28;
    %ix/vec4 4;
    %load/vec4a v0x180e950, 4;
    %concat/vec4; draw_concat_vec4
    %load/vec4 v0x180db50_0;
    %parti/s 27, 0, 2;
    %ix/vec4 4;
    %load/vec4a v0x180e950, 4;
    %concat/vec4; draw_concat_vec4
    %assign/vec4 v0x180f780_0, 0;
    %load/vec4 v0x180db50_0;
    %addi 4, 0, 32;
    %assign/vec4 v0x180db50_0, 0;
    %load/vec4 v0x180fec0_0;
    %addi 1, 0, 3;
    %assign/vec4 v0x180fec0_0, 0;
    %jmp T_1.79;
T_1.69 ;
    %load/vec4 v0x180db50_0;
    %parti/s 27, 0, 2;
    %pad/u 28;
    %addi 3, 0, 28;
    %ix/vec4 4;
    %load/vec4a v0x180e9f0, 4;
    %load/vec4 v0x180db50_0;
    %parti/s 27, 0, 2;
    %pad/u 28;
    %addi 2, 0, 28;
    %ix/vec4 4;
    %load/vec4a v0x180e9f0, 4;
    %concat/vec4; draw_concat_vec4
    %load/vec4 v0x180db50_0;
    %parti/s 27, 0, 2;
    %pad/u 28;
    %addi 1, 0, 28;
    %ix/vec4 4;
    %load/vec4a v0x180e9f0, 4;
    %concat/vec4; draw_concat_vec4
    %load/vec4 v0x180db50_0;
    %parti/s 27, 0, 2;
    %ix/vec4 4;
    %load/vec4a v0x180e9f0, 4;
    %concat/vec4; draw_concat_vec4
    %assign/vec4 v0x180f780_0, 0;
    %load/vec4 v0x180db50_0;
    %addi 4, 0, 32;
    %assign/vec4 v0x180db50_0, 0;
    %load/vec4 v0x180fec0_0;
    %addi 1, 0, 3;
    %assign/vec4 v0x180fec0_0, 0;
    %jmp T_1.79;
T_1.70 ;
    %load/vec4 v0x180db50_0;
    %parti/s 27, 0, 2;
    %pad/u 28;
    %addi 3, 0, 28;
    %ix/vec4 4;
    %load/vec4a v0x180ea90, 4;
    %load/vec4 v0x180db50_0;
    %parti/s 27, 0, 2;
    %pad/u 28;
    %addi 2, 0, 28;
    %ix/vec4 4;
    %load/vec4a v0x180ea90, 4;
    %concat/vec4; draw_concat_vec4
    %load/vec4 v0x180db50_0;
    %parti/s 27, 0, 2;
    %pad/u 28;
    %addi 1, 0, 28;
    %ix/vec4 4;
    %load/vec4a v0x180ea90, 4;
    %concat/vec4; draw_concat_vec4
    %load/vec4 v0x180db50_0;
    %parti/s 27, 0, 2;
    %ix/vec4 4;
    %load/vec4a v0x180ea90, 4;
    %concat/vec4; draw_concat_vec4
    %assign/vec4 v0x180f780_0, 0;
    %load/vec4 v0x180db50_0;
    %addi 4, 0, 32;
    %assign/vec4 v0x180db50_0, 0;
    %load/vec4 v0x180fec0_0;
    %addi 1, 0, 3;
    %assign/vec4 v0x180fec0_0, 0;
    %jmp T_1.79;
T_1.71 ;
    %load/vec4 v0x180db50_0;
    %parti/s 27, 0, 2;
    %pad/u 28;
    %addi 3, 0, 28;
    %ix/vec4 4;
    %load/vec4a v0x180eb30, 4;
    %load/vec4 v0x180db50_0;
    %parti/s 27, 0, 2;
    %pad/u 28;
    %addi 2, 0, 28;
    %ix/vec4 4;
    %load/vec4a v0x180eb30, 4;
    %concat/vec4; draw_concat_vec4
    %load/vec4 v0x180db50_0;
    %parti/s 27, 0, 2;
    %pad/u 28;
    %addi 1, 0, 28;
    %ix/vec4 4;
    %load/vec4a v0x180eb30, 4;
    %concat/vec4; draw_concat_vec4
    %load/vec4 v0x180db50_0;
    %parti/s 27, 0, 2;
    %ix/vec4 4;
    %load/vec4a v0x180eb30, 4;
    %concat/vec4; draw_concat_vec4
    %assign/vec4 v0x180f780_0, 0;
    %load/vec4 v0x180db50_0;
    %addi 4, 0, 32;
    %assign/vec4 v0x180db50_0, 0;
    %load/vec4 v0x180fec0_0;
    %addi 1, 0, 3;
    %assign/vec4 v0x180fec0_0, 0;
    %jmp T_1.79;
T_1.72 ;
    %load/vec4 v0x180db50_0;
    %parti/s 27, 0, 2;
    %pad/u 28;
    %addi 3, 0, 28;
    %ix/vec4 4;
    %load/vec4a v0x180ebf0, 4;
    %load/vec4 v0x180db50_0;
    %parti/s 27, 0, 2;
    %pad/u 28;
    %addi 2, 0, 28;
    %ix/vec4 4;
    %load/vec4a v0x180ebf0, 4;
    %concat/vec4; draw_concat_vec4
    %load/vec4 v0x180db50_0;
    %parti/s 27, 0, 2;
    %pad/u 28;
    %addi 1, 0, 28;
    %ix/vec4 4;
    %load/vec4a v0x180ebf0, 4;
    %concat/vec4; draw_concat_vec4
    %load/vec4 v0x180db50_0;
    %parti/s 27, 0, 2;
    %ix/vec4 4;
    %load/vec4a v0x180ebf0, 4;
    %concat/vec4; draw_concat_vec4
    %assign/vec4 v0x180f780_0, 0;
    %load/vec4 v0x180db50_0;
    %addi 4, 0, 32;
    %assign/vec4 v0x180db50_0, 0;
    %load/vec4 v0x180fec0_0;
    %addi 1, 0, 3;
    %assign/vec4 v0x180fec0_0, 0;
    %jmp T_1.79;
T_1.73 ;
    %load/vec4 v0x180db50_0;
    %parti/s 27, 0, 2;
    %pad/u 28;
    %addi 3, 0, 28;
    %ix/vec4 4;
    %load/vec4a v0x180ecb0, 4;
    %load/vec4 v0x180db50_0;
    %parti/s 27, 0, 2;
    %pad/u 28;
    %addi 2, 0, 28;
    %ix/vec4 4;
    %load/vec4a v0x180ecb0, 4;
    %concat/vec4; draw_concat_vec4
    %load/vec4 v0x180db50_0;
    %parti/s 27, 0, 2;
    %pad/u 28;
    %addi 1, 0, 28;
    %ix/vec4 4;
    %load/vec4a v0x180ecb0, 4;
    %concat/vec4; draw_concat_vec4
    %load/vec4 v0x180db50_0;
    %parti/s 27, 0, 2;
    %ix/vec4 4;
    %load/vec4a v0x180ecb0, 4;
    %concat/vec4; draw_concat_vec4
    %assign/vec4 v0x180f780_0, 0;
    %load/vec4 v0x180db50_0;
    %addi 4, 0, 32;
    %assign/vec4 v0x180db50_0, 0;
    %load/vec4 v0x180fec0_0;
    %addi 1, 0, 3;
    %assign/vec4 v0x180fec0_0, 0;
    %jmp T_1.79;
T_1.74 ;
    %load/vec4 v0x180db50_0;
    %parti/s 27, 0, 2;
    %pad/u 28;
    %addi 3, 0, 28;
    %ix/vec4 4;
    %load/vec4a v0x180ed70, 4;
    %load/vec4 v0x180db50_0;
    %parti/s 27, 0, 2;
    %pad/u 28;
    %addi 2, 0, 28;
    %ix/vec4 4;
    %load/vec4a v0x180ed70, 4;
    %concat/vec4; draw_concat_vec4
    %load/vec4 v0x180db50_0;
    %parti/s 27, 0, 2;
    %pad/u 28;
    %addi 1, 0, 28;
    %ix/vec4 4;
    %load/vec4a v0x180ed70, 4;
    %concat/vec4; draw_concat_vec4
    %load/vec4 v0x180db50_0;
    %parti/s 27, 0, 2;
    %ix/vec4 4;
    %load/vec4a v0x180ed70, 4;
    %concat/vec4; draw_concat_vec4
    %assign/vec4 v0x180f780_0, 0;
    %load/vec4 v0x180db50_0;
    %addi 4, 0, 32;
    %assign/vec4 v0x180db50_0, 0;
    %load/vec4 v0x180fec0_0;
    %addi 1, 0, 3;
    %assign/vec4 v0x180fec0_0, 0;
    %jmp T_1.79;
T_1.75 ;
    %load/vec4 v0x180db50_0;
    %parti/s 27, 0, 2;
    %pad/u 28;
    %addi 3, 0, 28;
    %ix/vec4 4;
    %load/vec4a v0x180ee30, 4;
    %load/vec4 v0x180db50_0;
    %parti/s 27, 0, 2;
    %pad/u 28;
    %addi 2, 0, 28;
    %ix/vec4 4;
    %load/vec4a v0x180ee30, 4;
    %concat/vec4; draw_concat_vec4
    %load/vec4 v0x180db50_0;
    %parti/s 27, 0, 2;
    %pad/u 28;
    %addi 1, 0, 28;
    %ix/vec4 4;
    %load/vec4a v0x180ee30, 4;
    %concat/vec4; draw_concat_vec4
    %load/vec4 v0x180db50_0;
    %parti/s 27, 0, 2;
    %ix/vec4 4;
    %load/vec4a v0x180ee30, 4;
    %concat/vec4; draw_concat_vec4
    %assign/vec4 v0x180f780_0, 0;
    %load/vec4 v0x180db50_0;
    %addi 4, 0, 32;
    %assign/vec4 v0x180db50_0, 0;
    %load/vec4 v0x180fec0_0;
    %addi 1, 0, 3;
    %assign/vec4 v0x180fec0_0, 0;
    %jmp T_1.79;
T_1.76 ;
    %load/vec4 v0x180db50_0;
    %parti/s 27, 0, 2;
    %pad/u 28;
    %addi 3, 0, 28;
    %ix/vec4 4;
    %load/vec4a v0x180eef0, 4;
    %load/vec4 v0x180db50_0;
    %parti/s 27, 0, 2;
    %pad/u 28;
    %addi 2, 0, 28;
    %ix/vec4 4;
    %load/vec4a v0x180eef0, 4;
    %concat/vec4; draw_concat_vec4
    %load/vec4 v0x180db50_0;
    %parti/s 27, 0, 2;
    %pad/u 28;
    %addi 1, 0, 28;
    %ix/vec4 4;
    %load/vec4a v0x180eef0, 4;
    %concat/vec4; draw_concat_vec4
    %load/vec4 v0x180db50_0;
    %parti/s 27, 0, 2;
    %ix/vec4 4;
    %load/vec4a v0x180eef0, 4;
    %concat/vec4; draw_concat_vec4
    %assign/vec4 v0x180f780_0, 0;
    %load/vec4 v0x180db50_0;
    %addi 4, 0, 32;
    %assign/vec4 v0x180db50_0, 0;
    %load/vec4 v0x180fec0_0;
    %addi 1, 0, 3;
    %assign/vec4 v0x180fec0_0, 0;
    %jmp T_1.79;
T_1.77 ;
    %load/vec4 v0x180db50_0;
    %parti/s 27, 0, 2;
    %pad/u 28;
    %addi 3, 0, 28;
    %ix/vec4 4;
    %load/vec4a v0x180f070, 4;
    %load/vec4 v0x180db50_0;
    %parti/s 27, 0, 2;
    %pad/u 28;
    %addi 2, 0, 28;
    %ix/vec4 4;
    %load/vec4a v0x180f070, 4;
    %concat/vec4; draw_concat_vec4
    %load/vec4 v0x180db50_0;
    %parti/s 27, 0, 2;
    %pad/u 28;
    %addi 1, 0, 28;
    %ix/vec4 4;
    %load/vec4a v0x180f070, 4;
    %concat/vec4; draw_concat_vec4
    %load/vec4 v0x180db50_0;
    %parti/s 27, 0, 2;
    %ix/vec4 4;
    %load/vec4a v0x180f070, 4;
    %concat/vec4; draw_concat_vec4
    %assign/vec4 v0x180f780_0, 0;
    %load/vec4 v0x180db50_0;
    %addi 4, 0, 32;
    %assign/vec4 v0x180db50_0, 0;
    %load/vec4 v0x180fec0_0;
    %addi 1, 0, 3;
    %assign/vec4 v0x180fec0_0, 0;
    %jmp T_1.79;
T_1.78 ;
    %load/vec4 v0x180db50_0;
    %parti/s 27, 0, 2;
    %pad/u 28;
    %addi 3, 0, 28;
    %ix/vec4 4;
    %load/vec4a v0x180f130, 4;
    %load/vec4 v0x180db50_0;
    %parti/s 27, 0, 2;
    %pad/u 28;
    %addi 2, 0, 28;
    %ix/vec4 4;
    %load/vec4a v0x180f130, 4;
    %concat/vec4; draw_concat_vec4
    %load/vec4 v0x180db50_0;
    %parti/s 27, 0, 2;
    %pad/u 28;
    %addi 1, 0, 28;
    %ix/vec4 4;
    %load/vec4a v0x180f130, 4;
    %concat/vec4; draw_concat_vec4
    %load/vec4 v0x180db50_0;
    %parti/s 27, 0, 2;
    %ix/vec4 4;
    %load/vec4a v0x180f130, 4;
    %concat/vec4; draw_concat_vec4
    %assign/vec4 v0x180f780_0, 0;
    %load/vec4 v0x180db50_0;
    %addi 4, 0, 32;
    %assign/vec4 v0x180db50_0, 0;
    %load/vec4 v0x180fec0_0;
    %addi 1, 0, 3;
    %assign/vec4 v0x180fec0_0, 0;
    %jmp T_1.79;
T_1.79 ;
    %pop/vec4 1;
    %jmp T_1.46;
T_1.45 ;
    %pushi/vec4 0, 0, 2;
    %assign/vec4 v0x180fc40_0, 0;
T_1.46 ;
    %jmp T_1.5;
T_1.5 ;
    %pop/vec4 1;
T_1.1 ;
    %jmp T_1;
    .thread T_1;
    .scope S_0x17a5d60;
T_2 ;
    %pushi/vec4 0, 0, 1;
    %store/vec4 v0x18101a0_0, 0, 1;
    %pushi/vec4 0, 0, 1;
    %store/vec4 v0x18105f0_0, 0, 1;
    %delay 2000, 0;
    %load/vec4 v0x18105f0_0;
    %inv;
    %store/vec4 v0x18105f0_0, 0, 1;
    %pushi/vec4 20, 0, 32;
T_2.0 %dup/vec4;
    %pushi/vec4 0, 0, 32;
    %cmp/s;
    %jmp/1xz T_2.1, 5;
    %jmp/1 T_2.1, 4;
    %pushi/vec4 1, 0, 32;
    %sub;
    %delay 50000, 0;
    %load/vec4 v0x18101a0_0;
    %inv;
    %store/vec4 v0x18101a0_0, 0, 1;
    %jmp T_2.0;
T_2.1 ;
    %pop/vec4 1;
    %end;
    .thread T_2;
    .scope S_0x17a5d60;
T_3 ;
    %pushi/vec4 4, 0, 32;
    %store/vec4 v0x18106c0_0, 0, 32;
    %pushi/vec4 1, 0, 1;
    %store/vec4 v0x1810790_0, 0, 1;
    %pushi/vec4 4, 0, 3;
    %store/vec4 v0x1810860_0, 0, 3;
    %end;
    .thread T_3;
    .scope S_0x17a5d60;
T_4 ;
    %vpi_call 2 43 "$dumpfile", "mem.vcd" {0 0 0};
    %vpi_call 2 44 "$dumpvars", 32'sb00000000000000000000000000000000, S_0x17a5d60 {0 0 0};
    %end;
    .thread T_4;
# The file index is used to find the file name in the following table.
:file_names 4;
    "N/A";
    "<interactive>";
    "mem_test.v";
    "././mem.v";
