#! /usr/bin/vvp
:ivl_version "10.1 (stable)";
:ivl_delay_selection "TYPICAL";
:vpi_time_precision - 12;
:vpi_module "system";
:vpi_module "vhdl_sys";
:vpi_module "v2005_math";
:vpi_module "va_math";
S_0x191e170 .scope module, "test" "test" 2 4;
 .timescale -9 -12;
v0x19598a0_0 .var "clk", 0 0;
v0x1959960_0 .net "memctrl_mem_read", 0 0, v0x1958ff0_0;  1 drivers
v0x1959a30_0 .net "memctrl_mem_write_data", 31 0, v0x19590b0_0;  1 drivers
v0x1959b30_0 .net "memctrl_mem_write_start", 0 0, v0x1959190_0;  1 drivers
v0x1959c00_0 .var "reset", 0 0;
v0x1959ca0_0 .var "tx", 0 0;
v0x1959d70_0 .var "uart_memctrl_read_ready", 0 0;
v0x1959e40_0 .var "word_number1", 2 0;
S_0x191e2f0 .scope module, "mem_control" "mem_control" 2 109, 3 5 0, S_0x191e170;
 .timescale -9 -12;
    .port_info 0 /INPUT 1 "tx"
    .port_info 1 /INPUT 1 "clk"
    .port_info 2 /INPUT 1 "reset"
    .port_info 3 /INPUT 1 "uart_memctrl_read_ready"
    .port_info 4 /INPUT 3 "word_number1"
    .port_info 5 /OUTPUT 1 "memctrl_mem_write_start"
    .port_info 6 /OUTPUT 32 "memctrl_mem_write_data"
    .port_info 7 /OUTPUT 1 "memctrl_mem_read"
L_0x7f12a2b78018 .functor BUFT 1, C4<00>, C4<0>, C4<0>, C4<0>;
v0x18dccd0_0 .net/2u *"_s0", 1 0, L_0x7f12a2b78018;  1 drivers
v0x19586a0_0 .net *"_s2", 4 0, L_0x1959f10;  1 drivers
v0x1958780_0 .net *"_s6", 2 0, L_0x195a080;  1 drivers
L_0x7f12a2b78060 .functor BUFT 1, C4<00>, C4<0>, C4<0>, C4<0>;
v0x1958870_0 .net *"_s8", 1 0, L_0x7f12a2b78060;  1 drivers
v0x1958950_0 .var "a1", 0 0;
v0x1958a60_0 .var/i "byte_count", 31 0;
v0x1958b40_0 .net "clk", 0 0, v0x19598a0_0;  1 drivers
v0x1958c00_0 .var "div_cnt", 8 0;
v0x1958ce0 .array "mem_buffer", 0 15, 7 0;
v0x1958e30_0 .var "mem_buffer_count", 4 0;
v0x1958f10_0 .net "mem_buffer_limit", 4 0, L_0x195a170;  1 drivers
v0x1958ff0_0 .var "memctrl_mem_read", 0 0;
v0x19590b0_0 .var "memctrl_mem_write_data", 31 0;
v0x1959190_0 .var "memctrl_mem_write_start", 0 0;
v0x1959250_0 .net "reset", 0 0, v0x1959c00_0;  1 drivers
v0x1959310_0 .var "resetn", 0 0;
v0x19593d0_0 .var "state", 2 0;
v0x1959580_0 .net "tx", 0 0, v0x1959ca0_0;  1 drivers
v0x1959620_0 .net "uart_memctrl_read_ready", 0 0, v0x1959d70_0;  1 drivers
v0x19596c0_0 .net "word_number1", 2 0, v0x1959e40_0;  1 drivers
E_0x191f120/0 .event negedge, v0x1959310_0;
E_0x191f120/1 .event posedge, v0x1958b40_0;
E_0x191f120 .event/or E_0x191f120/0, E_0x191f120/1;
E_0x191ee40/0 .event negedge, v0x1959250_0;
E_0x191ee40/1 .event posedge, v0x1958b40_0;
E_0x191ee40 .event/or E_0x191ee40/0, E_0x191ee40/1;
L_0x1959f10 .concat [ 3 2 0 0], v0x1959e40_0, L_0x7f12a2b78018;
L_0x195a080 .part L_0x1959f10, 0, 3;
L_0x195a170 .concat [ 2 3 0 0], L_0x7f12a2b78060, L_0x195a080;
    .scope S_0x191e2f0;
T_0 ;
    %wait E_0x191ee40;
    %load/vec4 v0x1959250_0;
    %cmpi/e 0, 0, 1;
    %jmp/0xz  T_0.0, 4;
    %pushi/vec4 0, 0, 1;
    %assign/vec4 v0x1958950_0, 0;
    %pushi/vec4 0, 0, 1;
    %assign/vec4 v0x1959310_0, 0;
    %jmp T_0.1;
T_0.0 ;
    %pushi/vec4 1, 0, 1;
    %assign/vec4 v0x1958950_0, 0;
    %load/vec4 v0x1958950_0;
    %assign/vec4 v0x1959310_0, 0;
T_0.1 ;
    %jmp T_0;
    .thread T_0;
    .scope S_0x191e2f0;
T_1 ;
    %vpi_call 3 35 "$readmemh", "mem_buffer.txt", v0x1958ce0, 32'sb00000000000000000000000000000000, 32'sb00000000000000000000000000001111 {0 0 0};
    %end;
    .thread T_1;
    .scope S_0x191e2f0;
T_2 ;
    %wait E_0x191f120;
    %load/vec4 v0x1959310_0;
    %cmpi/e 0, 0, 1;
    %jmp/0xz  T_2.0, 4;
    %pushi/vec4 0, 0, 3;
    %assign/vec4 v0x19593d0_0, 0;
    %pushi/vec4 0, 0, 5;
    %assign/vec4 v0x1958e30_0, 0;
    %pushi/vec4 0, 0, 1;
    %assign/vec4 v0x1959190_0, 0;
    %pushi/vec4 260, 0, 9;
    %assign/vec4 v0x1958c00_0, 0;
    %pushi/vec4 0, 0, 32;
    %assign/vec4 v0x1958a60_0, 0;
    %jmp T_2.1;
T_2.0 ;
    %load/vec4 v0x19593d0_0;
    %dup/vec4;
    %pushi/vec4 0, 0, 3;
    %cmp/u;
    %jmp/1 T_2.2, 6;
    %dup/vec4;
    %pushi/vec4 1, 0, 3;
    %cmp/u;
    %jmp/1 T_2.3, 6;
    %dup/vec4;
    %pushi/vec4 2, 0, 3;
    %cmp/u;
    %jmp/1 T_2.4, 6;
    %dup/vec4;
    %pushi/vec4 3, 0, 3;
    %cmp/u;
    %jmp/1 T_2.5, 6;
    %dup/vec4;
    %pushi/vec4 4, 0, 3;
    %cmp/u;
    %jmp/1 T_2.6, 6;
    %jmp T_2.7;
T_2.2 ;
    %pushi/vec4 0, 0, 5;
    %assign/vec4 v0x1958e30_0, 0;
    %pushi/vec4 0, 0, 1;
    %assign/vec4 v0x1959190_0, 0;
    %pushi/vec4 260, 0, 9;
    %assign/vec4 v0x1958c00_0, 0;
    %pushi/vec4 0, 0, 32;
    %assign/vec4 v0x1958a60_0, 0;
    %load/vec4 v0x1959580_0;
    %cmpi/e 0, 0, 1;
    %jmp/0xz  T_2.8, 4;
    %pushi/vec4 1, 0, 3;
    %assign/vec4 v0x19593d0_0, 0;
    %jmp T_2.9;
T_2.8 ;
    %load/vec4 v0x1959620_0;
    %cmpi/e 1, 0, 1;
    %jmp/0xz  T_2.10, 4;
    %pushi/vec4 4, 0, 3;
    %assign/vec4 v0x19593d0_0, 0;
    %pushi/vec4 1, 0, 1;
    %assign/vec4 v0x1958ff0_0, 0;
T_2.10 ;
T_2.9 ;
    %jmp T_2.7;
T_2.3 ;
    %load/vec4 v0x1958f10_0;
    %load/vec4 v0x1958e30_0;
    %cmp/u;
    %flag_or 5, 4;
    %jmp/0xz  T_2.12, 5;
    %pushi/vec4 2, 0, 3;
    %assign/vec4 v0x19593d0_0, 0;
    %pushi/vec4 0, 0, 5;
    %assign/vec4 v0x1958e30_0, 0;
    %pushi/vec4 1, 0, 1;
    %assign/vec4 v0x1959190_0, 0;
    %jmp T_2.13;
T_2.12 ;
    %load/vec4 v0x1958c00_0;
    %cmpi/e 0, 0, 9;
    %jmp/0xz  T_2.14, 4;
    %load/vec4 v0x1958a60_0;
    %dup/vec4;
    %pushi/vec4 7, 0, 32;
    %cmp/u;
    %jmp/1 T_2.16, 6;
    %load/vec4 v0x1959580_0;
    %load/vec4 v0x1958e30_0;
    %pad/u 6;
    %ix/vec4 4;
    %load/vec4a v0x1958ce0, 4;
    %parti/s 7, 1, 2;
    %concat/vec4; draw_concat_vec4
    %load/vec4 v0x1958e30_0;
    %pad/u 6;
    %ix/vec4 3;
    %ix/load 4, 0, 0; Constant delay
    %assign/vec4/a/d v0x1958ce0, 0, 4;
    %load/vec4 v0x1958a60_0;
    %addi 1, 0, 32;
    %assign/vec4 v0x1958a60_0, 0;
    %pushi/vec4 260, 0, 9;
    %assign/vec4 v0x1958c00_0, 0;
    %jmp T_2.18;
T_2.16 ;
    %load/vec4 v0x1959580_0;
    %load/vec4 v0x1958e30_0;
    %pad/u 6;
    %ix/vec4 4;
    %load/vec4a v0x1958ce0, 4;
    %parti/s 7, 1, 2;
    %concat/vec4; draw_concat_vec4
    %load/vec4 v0x1958e30_0;
    %pad/u 6;
    %ix/vec4 3;
    %ix/load 4, 0, 0; Constant delay
    %assign/vec4/a/d v0x1958ce0, 0, 4;
    %load/vec4 v0x1958e30_0;
    %addi 1, 0, 5;
    %assign/vec4 v0x1958e30_0, 0;
    %pushi/vec4 4294967295, 0, 32;
    %assign/vec4 v0x1958a60_0, 0;
    %jmp T_2.18;
T_2.18 ;
    %pop/vec4 1;
    %jmp T_2.15;
T_2.14 ;
    %load/vec4 v0x1958c00_0;
    %subi 1, 0, 9;
    %assign/vec4 v0x1958c00_0, 1000;
T_2.15 ;
T_2.13 ;
    %jmp T_2.7;
T_2.4 ;
    %pushi/vec4 3, 0, 3;
    %assign/vec4 v0x19593d0_0, 0;
    %jmp T_2.7;
T_2.5 ;
    %load/vec4 v0x1958e30_0;
    %load/vec4 v0x1958f10_0;
    %cmp/u;
    %jmp/0xz  T_2.19, 5;
    %load/vec4 v0x1958e30_0;
    %pad/u 33;
    %addi 3, 0, 33;
    %ix/vec4 4;
    %load/vec4a v0x1958ce0, 4;
    %load/vec4 v0x1958e30_0;
    %pad/u 33;
    %addi 2, 0, 33;
    %ix/vec4 4;
    %load/vec4a v0x1958ce0, 4;
    %concat/vec4; draw_concat_vec4
    %load/vec4 v0x1958e30_0;
    %pad/u 33;
    %addi 1, 0, 33;
    %ix/vec4 4;
    %load/vec4a v0x1958ce0, 4;
    %concat/vec4; draw_concat_vec4
    %load/vec4 v0x1958e30_0;
    %pad/u 6;
    %ix/vec4 4;
    %load/vec4a v0x1958ce0, 4;
    %concat/vec4; draw_concat_vec4
    %assign/vec4 v0x19590b0_0, 0;
    %load/vec4 v0x1958e30_0;
    %addi 4, 0, 5;
    %assign/vec4 v0x1958e30_0, 0;
    %jmp T_2.20;
T_2.19 ;
    %pushi/vec4 0, 0, 3;
    %assign/vec4 v0x19593d0_0, 0;
T_2.20 ;
    %jmp T_2.7;
T_2.6 ;
    %jmp T_2.7;
T_2.7 ;
    %pop/vec4 1;
T_2.1 ;
    %jmp T_2;
    .thread T_2;
    .scope S_0x191e170;
T_3 ;
    %pushi/vec4 0, 0, 1;
    %store/vec4 v0x19598a0_0, 0, 1;
    %pushi/vec4 4, 0, 3;
    %store/vec4 v0x1959e40_0, 0, 3;
    %pushi/vec4 0, 0, 1;
    %store/vec4 v0x1959c00_0, 0, 1;
    %delay 2000, 0;
    %load/vec4 v0x1959c00_0;
    %inv;
    %store/vec4 v0x1959c00_0, 0, 1;
    %pushi/vec4 1000000, 0, 32;
T_3.0 %dup/vec4;
    %pushi/vec4 0, 0, 32;
    %cmp/s;
    %jmp/1xz T_3.1, 5;
    %jmp/1 T_3.1, 4;
    %pushi/vec4 1, 0, 32;
    %sub;
    %delay 50000, 0;
    %load/vec4 v0x19598a0_0;
    %inv;
    %store/vec4 v0x19598a0_0, 0, 1;
    %jmp T_3.0;
T_3.1 ;
    %pop/vec4 1;
    %end;
    .thread T_3;
    .scope S_0x191e170;
T_4 ;
    %delay 852000, 0;
    %pushi/vec4 0, 0, 1;
    %store/vec4 v0x1959ca0_0, 0, 1;
    %delay 26100000, 0;
    %pushi/vec4 1, 0, 1;
    %store/vec4 v0x1959ca0_0, 0, 1;
    %pushi/vec4 7, 0, 32;
T_4.0 %dup/vec4;
    %pushi/vec4 0, 0, 32;
    %cmp/s;
    %jmp/1xz T_4.1, 5;
    %jmp/1 T_4.1, 4;
    %pushi/vec4 1, 0, 32;
    %sub;
    %delay 26100000, 0;
    %load/vec4 v0x1959ca0_0;
    %inv;
    %store/vec4 v0x1959ca0_0, 0, 1;
    %jmp T_4.0;
T_4.1 ;
    %pop/vec4 1;
    %delay 26200000, 0;
    %pushi/vec4 1, 0, 1;
    %store/vec4 v0x1959ca0_0, 0, 1;
    %pushi/vec4 7, 0, 32;
T_4.2 %dup/vec4;
    %pushi/vec4 0, 0, 32;
    %cmp/s;
    %jmp/1xz T_4.3, 5;
    %jmp/1 T_4.3, 4;
    %pushi/vec4 1, 0, 32;
    %sub;
    %delay 26100000, 0;
    %load/vec4 v0x1959ca0_0;
    %inv;
    %store/vec4 v0x1959ca0_0, 0, 1;
    %jmp T_4.2;
T_4.3 ;
    %pop/vec4 1;
    %delay 26200000, 0;
    %pushi/vec4 1, 0, 1;
    %store/vec4 v0x1959ca0_0, 0, 1;
    %pushi/vec4 7, 0, 32;
T_4.4 %dup/vec4;
    %pushi/vec4 0, 0, 32;
    %cmp/s;
    %jmp/1xz T_4.5, 5;
    %jmp/1 T_4.5, 4;
    %pushi/vec4 1, 0, 32;
    %sub;
    %delay 26100000, 0;
    %load/vec4 v0x1959ca0_0;
    %inv;
    %store/vec4 v0x1959ca0_0, 0, 1;
    %jmp T_4.4;
T_4.5 ;
    %pop/vec4 1;
    %delay 26200000, 0;
    %pushi/vec4 1, 0, 1;
    %store/vec4 v0x1959ca0_0, 0, 1;
    %pushi/vec4 7, 0, 32;
T_4.6 %dup/vec4;
    %pushi/vec4 0, 0, 32;
    %cmp/s;
    %jmp/1xz T_4.7, 5;
    %jmp/1 T_4.7, 4;
    %pushi/vec4 1, 0, 32;
    %sub;
    %delay 26100000, 0;
    %load/vec4 v0x1959ca0_0;
    %inv;
    %store/vec4 v0x1959ca0_0, 0, 1;
    %jmp T_4.6;
T_4.7 ;
    %pop/vec4 1;
    %delay 26200000, 0;
    %pushi/vec4 1, 0, 1;
    %store/vec4 v0x1959ca0_0, 0, 1;
    %pushi/vec4 7, 0, 32;
T_4.8 %dup/vec4;
    %pushi/vec4 0, 0, 32;
    %cmp/s;
    %jmp/1xz T_4.9, 5;
    %jmp/1 T_4.9, 4;
    %pushi/vec4 1, 0, 32;
    %sub;
    %delay 26100000, 0;
    %load/vec4 v0x1959ca0_0;
    %inv;
    %store/vec4 v0x1959ca0_0, 0, 1;
    %jmp T_4.8;
T_4.9 ;
    %pop/vec4 1;
    %delay 26200000, 0;
    %pushi/vec4 1, 0, 1;
    %store/vec4 v0x1959ca0_0, 0, 1;
    %pushi/vec4 7, 0, 32;
T_4.10 %dup/vec4;
    %pushi/vec4 0, 0, 32;
    %cmp/s;
    %jmp/1xz T_4.11, 5;
    %jmp/1 T_4.11, 4;
    %pushi/vec4 1, 0, 32;
    %sub;
    %delay 26100000, 0;
    %load/vec4 v0x1959ca0_0;
    %inv;
    %store/vec4 v0x1959ca0_0, 0, 1;
    %jmp T_4.10;
T_4.11 ;
    %pop/vec4 1;
    %delay 26200000, 0;
    %pushi/vec4 1, 0, 1;
    %store/vec4 v0x1959ca0_0, 0, 1;
    %pushi/vec4 7, 0, 32;
T_4.12 %dup/vec4;
    %pushi/vec4 0, 0, 32;
    %cmp/s;
    %jmp/1xz T_4.13, 5;
    %jmp/1 T_4.13, 4;
    %pushi/vec4 1, 0, 32;
    %sub;
    %delay 26100000, 0;
    %load/vec4 v0x1959ca0_0;
    %inv;
    %store/vec4 v0x1959ca0_0, 0, 1;
    %jmp T_4.12;
T_4.13 ;
    %pop/vec4 1;
    %delay 26200000, 0;
    %pushi/vec4 1, 0, 1;
    %store/vec4 v0x1959ca0_0, 0, 1;
    %pushi/vec4 7, 0, 32;
T_4.14 %dup/vec4;
    %pushi/vec4 0, 0, 32;
    %cmp/s;
    %jmp/1xz T_4.15, 5;
    %jmp/1 T_4.15, 4;
    %pushi/vec4 1, 0, 32;
    %sub;
    %delay 26100000, 0;
    %load/vec4 v0x1959ca0_0;
    %inv;
    %store/vec4 v0x1959ca0_0, 0, 1;
    %jmp T_4.14;
T_4.15 ;
    %pop/vec4 1;
    %delay 26200000, 0;
    %pushi/vec4 1, 0, 1;
    %store/vec4 v0x1959ca0_0, 0, 1;
    %pushi/vec4 7, 0, 32;
T_4.16 %dup/vec4;
    %pushi/vec4 0, 0, 32;
    %cmp/s;
    %jmp/1xz T_4.17, 5;
    %jmp/1 T_4.17, 4;
    %pushi/vec4 1, 0, 32;
    %sub;
    %delay 26100000, 0;
    %load/vec4 v0x1959ca0_0;
    %inv;
    %store/vec4 v0x1959ca0_0, 0, 1;
    %jmp T_4.16;
T_4.17 ;
    %pop/vec4 1;
    %delay 26200000, 0;
    %pushi/vec4 1, 0, 1;
    %store/vec4 v0x1959ca0_0, 0, 1;
    %pushi/vec4 7, 0, 32;
T_4.18 %dup/vec4;
    %pushi/vec4 0, 0, 32;
    %cmp/s;
    %jmp/1xz T_4.19, 5;
    %jmp/1 T_4.19, 4;
    %pushi/vec4 1, 0, 32;
    %sub;
    %delay 26100000, 0;
    %load/vec4 v0x1959ca0_0;
    %inv;
    %store/vec4 v0x1959ca0_0, 0, 1;
    %jmp T_4.18;
T_4.19 ;
    %pop/vec4 1;
    %delay 26200000, 0;
    %pushi/vec4 1, 0, 1;
    %store/vec4 v0x1959ca0_0, 0, 1;
    %pushi/vec4 7, 0, 32;
T_4.20 %dup/vec4;
    %pushi/vec4 0, 0, 32;
    %cmp/s;
    %jmp/1xz T_4.21, 5;
    %jmp/1 T_4.21, 4;
    %pushi/vec4 1, 0, 32;
    %sub;
    %delay 26100000, 0;
    %load/vec4 v0x1959ca0_0;
    %inv;
    %store/vec4 v0x1959ca0_0, 0, 1;
    %jmp T_4.20;
T_4.21 ;
    %pop/vec4 1;
    %delay 26200000, 0;
    %pushi/vec4 1, 0, 1;
    %store/vec4 v0x1959ca0_0, 0, 1;
    %pushi/vec4 7, 0, 32;
T_4.22 %dup/vec4;
    %pushi/vec4 0, 0, 32;
    %cmp/s;
    %jmp/1xz T_4.23, 5;
    %jmp/1 T_4.23, 4;
    %pushi/vec4 1, 0, 32;
    %sub;
    %delay 26100000, 0;
    %load/vec4 v0x1959ca0_0;
    %inv;
    %store/vec4 v0x1959ca0_0, 0, 1;
    %jmp T_4.22;
T_4.23 ;
    %pop/vec4 1;
    %delay 26200000, 0;
    %pushi/vec4 1, 0, 1;
    %store/vec4 v0x1959ca0_0, 0, 1;
    %pushi/vec4 7, 0, 32;
T_4.24 %dup/vec4;
    %pushi/vec4 0, 0, 32;
    %cmp/s;
    %jmp/1xz T_4.25, 5;
    %jmp/1 T_4.25, 4;
    %pushi/vec4 1, 0, 32;
    %sub;
    %delay 26100000, 0;
    %load/vec4 v0x1959ca0_0;
    %inv;
    %store/vec4 v0x1959ca0_0, 0, 1;
    %jmp T_4.24;
T_4.25 ;
    %pop/vec4 1;
    %delay 26200000, 0;
    %pushi/vec4 1, 0, 1;
    %store/vec4 v0x1959ca0_0, 0, 1;
    %pushi/vec4 7, 0, 32;
T_4.26 %dup/vec4;
    %pushi/vec4 0, 0, 32;
    %cmp/s;
    %jmp/1xz T_4.27, 5;
    %jmp/1 T_4.27, 4;
    %pushi/vec4 1, 0, 32;
    %sub;
    %delay 26100000, 0;
    %load/vec4 v0x1959ca0_0;
    %inv;
    %store/vec4 v0x1959ca0_0, 0, 1;
    %jmp T_4.26;
T_4.27 ;
    %pop/vec4 1;
    %delay 26200000, 0;
    %pushi/vec4 1, 0, 1;
    %store/vec4 v0x1959ca0_0, 0, 1;
    %pushi/vec4 7, 0, 32;
T_4.28 %dup/vec4;
    %pushi/vec4 0, 0, 32;
    %cmp/s;
    %jmp/1xz T_4.29, 5;
    %jmp/1 T_4.29, 4;
    %pushi/vec4 1, 0, 32;
    %sub;
    %delay 26100000, 0;
    %load/vec4 v0x1959ca0_0;
    %inv;
    %store/vec4 v0x1959ca0_0, 0, 1;
    %jmp T_4.28;
T_4.29 ;
    %pop/vec4 1;
    %delay 26200000, 0;
    %pushi/vec4 1, 0, 1;
    %store/vec4 v0x1959ca0_0, 0, 1;
    %pushi/vec4 7, 0, 32;
T_4.30 %dup/vec4;
    %pushi/vec4 0, 0, 32;
    %cmp/s;
    %jmp/1xz T_4.31, 5;
    %jmp/1 T_4.31, 4;
    %pushi/vec4 1, 0, 32;
    %sub;
    %delay 26100000, 0;
    %load/vec4 v0x1959ca0_0;
    %inv;
    %store/vec4 v0x1959ca0_0, 0, 1;
    %jmp T_4.30;
T_4.31 ;
    %pop/vec4 1;
    %end;
    .thread T_4;
    .scope S_0x191e170;
T_5 ;
    %vpi_call 2 112 "$dumpfile", "mem_control.vcd" {0 0 0};
    %vpi_call 2 113 "$dumpvars", 32'sb00000000000000000000000000000000, S_0x191e170 {0 0 0};
    %end;
    .thread T_5;
# The file index is used to find the file name in the following table.
:file_names 4;
    "N/A";
    "<interactive>";
    "mem_control_test.v";
    "././mem_control.v";
